Log file open, 11/15/19 15:03:33
LogWindows: Failed to load 'aqProf.dll' (GetLastError=126)
LogWindows: File 'aqProf.dll' does not exist
LogWindows: Failed to load 'VtuneApi.dll' (GetLastError=126)
LogWindows: File 'VtuneApi.dll' does not exist
LogWindows: Failed to load 'VtuneApi32e.dll' (GetLastError=126)
LogWindows: File 'VtuneApi32e.dll' does not exist
LogInit: Display: Running engine for game: HelloWorld
LogPlatformFile: Not using cached read wrapper
LogInit: Display: RandInit(-243589377) SRandInit(-243589377).
LogInit: Read version file with build ID '3944462'
LogInit: Overriding engine version to CL 4033788, compatible CL 3944462
LogInit: Registered custom module enumerator with build ID '3944462'
LogTaskGraph: Started task graph with 5 named threads and 23 total threads with 3 sets of task threads.
LogStats: Stats thread started at 0.306999
LogD3D11RHI: Aftermath initialized
LogICUInternationalization: Display: ICU TimeZone Detection - Raw Offset: +1:00, Platform Override: ''
LogModuleManager: Display: Found up-to-date module file ../../../Engine/Plugins/2D/Paper2D/Binaries/Win64/UE4Editor-Paper2D.dll (API version 3944462).
LogModuleManager: Display: Found up-to-date module file ../../../Engine/Plugins/2D/Paper2D/Binaries/Win64/UE4Editor-Paper2DEditor.dll (API version 3944462).
LogModuleManager: Display: Found up-to-date module file ../../../Engine/Plugins/2D/Paper2D/Binaries/Win64/UE4Editor-PaperSpriteSheetImporter.dll (API version 3944462).
LogModuleManager: Display: Found up-to-date module file ../../../Engine/Plugins/2D/Paper2D/Binaries/Win64/UE4Editor-PaperTiledImporter.dll (API version 3944462).
LogModuleManager: Display: Found up-to-date module file ../../../Engine/Plugins/2D/Paper2D/Binaries/Win64/UE4Editor-SmartSnapping.dll (API version 3944462).
LogModuleManager: Display: Found up-to-date module file ../../../Engine/Plugins/Blendables/LightPropagationVolume/Binaries/Win64/UE4Editor-LightPropagationVolumeRuntime.dll (API version 3944462).
LogModuleManager: Display: Found up-to-date module file ../../../Engine/Plugins/Blendables/LightPropagationVolume/Binaries/Win64/UE4Editor-LightPropagationVolumeEditor.dll (API version 3944462).
LogModuleManager: Display: Found up-to-date module file ../../../Engine/Plugins/Developer/CLionSourceCodeAccess/Binaries/Win64/UE4Editor-CLionSourceCodeAccess.dll (API version 3944462).
LogModuleManager: Display: Found up-to-date module file ../../../Engine/Plugins/Developer/GitSourceControl/Binaries/Win64/UE4Editor-GitSourceControl.dll (API version 3944462).
LogModuleManager: Display: Found up-to-date module file ../../../Engine/Plugins/Developer/PerforceSourceControl/Binaries/Win64/UE4Editor-PerforceSourceControl.dll (API version 3944462).
LogModuleManager: Display: Found up-to-date module file ../../../Engine/Plugins/Developer/SubversionSourceControl/Binaries/Win64/UE4Editor-SubversionSourceControl.dll (API version 3944462).
LogModuleManager: Display: Found up-to-date module file ../../../Engine/Plugins/Developer/UObjectPlugin/Binaries/Win64/UE4Editor-UObjectPlugin.dll (API version 3944462).
LogModuleManager: Display: Found up-to-date module file ../../../Engine/Plugins/Developer/VisualStudioCodeSourceCodeAccess/Binaries/Win64/UE4Editor-VisualStudioCodeSourceCodeAccess.dll (API version 3944462).
LogModuleManager: Display: Found up-to-date module file ../../../Engine/Plugins/Developer/VisualStudioSourceCodeAccess/Binaries/Win64/UE4Editor-VisualStudioSourceCodeAccess.dll (API version 3944462).
LogModuleManager: Display: Found up-to-date module file ../../../Engine/Plugins/Editor/AssetManagerEditor/Binaries/Win64/UE4Editor-AssetManagerEditor.dll (API version 3944462).
LogModuleManager: Display: Found up-to-date module file ../../../Engine/Plugins/Editor/CryptoKeys/Binaries/Win64/UE4Editor-CryptoKeys.dll (API version 3944462).
LogModuleManager: Display: Found up-to-date module file ../../../Engine/Plugins/Editor/CryptoKeys/Binaries/Win64/UE4Editor-CryptoKeysOpenSSL.dll (API version 3944462).
LogModuleManager: Display: Found up-to-date module file ../../../Engine/Plugins/Editor/DataValidation/Binaries/Win64/UE4Editor-DataValidation.dll (API version 3944462).
LogModuleManager: Display: Found up-to-date module file ../../../Engine/Plugins/Editor/FacialAnimation/Binaries/Win64/UE4Editor-FacialAnimation.dll (API version 3944462).
LogModuleManager: Display: Found up-to-date module file ../../../Engine/Plugins/Editor/FacialAnimation/Binaries/Win64/UE4Editor-FacialAnimationEditor.dll (API version 3944462).
LogModuleManager: Display: Found up-to-date module file ../../../Engine/Plugins/Editor/GameplayTagsEditor/Binaries/Win64/UE4Editor-GameplayTagsEditor.dll (API version 3944462).
LogModuleManager: Display: Found up-to-date module file ../../../Engine/Plugins/Editor/MobileLauncherProfileWizard/Binaries/Win64/UE4Editor-MobileLauncherProfileWizard.dll (API version 3944462).
LogModuleManager: Display: Found up-to-date module file ../../../Engine/Plugins/Editor/PluginBrowser/Binaries/Win64/UE4Editor-PluginBrowser.dll (API version 3944462).
LogModuleManager: Display: Found up-to-date module file ../../../Engine/Plugins/Editor/SpeedTreeImporter/Binaries/Win64/UE4Editor-SpeedTreeImporter.dll (API version 3944462).
LogModuleManager: Display: Found up-to-date module file ../../../Engine/Plugins/Enterprise/DatasmithContent/Binaries/Win64/UE4Editor-DatasmithContent.dll (API version 3944462).
LogModuleManager: Display: Found up-to-date module file ../../../Engine/Plugins/Experimental/AlembicImporter/Binaries/Win64/UE4Editor-AlembicImporter.dll (API version 3944462).
LogModuleManager: Display: Found up-to-date module file ../../../Engine/Plugins/Experimental/AlembicImporter/Binaries/Win64/UE4Editor-AlembicLibrary.dll (API version 3944462).
LogModuleManager: Display: Found up-to-date module file ../../../Engine/Plugins/Experimental/CharacterAI/Binaries/Win64/UE4Editor-CharacterAI.dll (API version 3944462).
LogModuleManager: Display: Found up-to-date module file ../../../Engine/Plugins/Experimental/HTML5Networking/Binaries/Win64/UE4Editor-HTML5Networking.dll (API version 3944462).
LogModuleManager: Display: Found up-to-date module file ../../../Engine/Plugins/Media/AndroidMedia/Binaries/Win64/UE4Editor-AndroidMediaEditor.dll (API version 3944462).
LogModuleManager: Display: Found up-to-date module file ../../../Engine/Plugins/Media/AndroidMedia/Binaries/Win64/UE4Editor-AndroidMediaFactory.dll (API version 3944462).
LogModuleManager: Display: Found up-to-date module file ../../../Engine/Plugins/Media/AvfMedia/Binaries/Win64/UE4Editor-AvfMediaEditor.dll (API version 3944462).
LogModuleManager: Display: Found up-to-date module file ../../../Engine/Plugins/Media/AvfMedia/Binaries/Win64/UE4Editor-AvfMediaFactory.dll (API version 3944462).
LogModuleManager: Display: Found up-to-date module file ../../../Engine/Plugins/Media/AvfMedia/Binaries/Win64/UE4Editor-AvfMediaFactory.dll (API version 3944462).
LogModuleManager: Display: Found up-to-date module file ../../../Engine/Plugins/Media/ImgMedia/Binaries/Win64/UE4Editor-ImgMedia.dll (API version 3944462).
LogModuleManager: Display: Found up-to-date module file ../../../Engine/Plugins/Media/ImgMedia/Binaries/Win64/UE4Editor-ImgMediaEditor.dll (API version 3944462).
LogModuleManager: Display: Found up-to-date module file ../../../Engine/Plugins/Media/ImgMedia/Binaries/Win64/UE4Editor-ImgMediaFactory.dll (API version 3944462).
LogModuleManager: Display: Found up-to-date module file ../../../Engine/Plugins/Media/ImgMedia/Binaries/Win64/UE4Editor-ImgMediaFactory.dll (API version 3944462).
LogModuleManager: Display: Found up-to-date module file ../../../Engine/Plugins/Media/ImgMedia/Binaries/Win64/UE4Editor-OpenExrWrapper.dll (API version 3944462).
LogModuleManager: Display: Found up-to-date module file ../../../Engine/Plugins/Media/LinearTimecode/Binaries/Win64/UE4Editor-LinearTimecode.dll (API version 3944462).
LogModuleManager: Display: Found up-to-date module file ../../../Engine/Plugins/Media/MediaCompositing/Binaries/Win64/UE4Editor-MediaCompositing.dll (API version 3944462).
LogModuleManager: Display: Found up-to-date module file ../../../Engine/Plugins/Media/MediaCompositing/Binaries/Win64/UE4Editor-MediaCompositingEditor.dll (API version 3944462).
LogModuleManager: Display: Found up-to-date module file ../../../Engine/Plugins/Media/MediaPlayerEditor/Binaries/Win64/UE4Editor-MediaPlayerEditor.dll (API version 3944462).
LogModuleManager: Display: Found up-to-date module file ../../../Engine/Plugins/Media/WmfMedia/Binaries/Win64/UE4Editor-WmfMedia.dll (API version 3944462).
LogModuleManager: Display: Found up-to-date module file ../../../Engine/Plugins/Media/WmfMedia/Binaries/Win64/UE4Editor-WmfMediaEditor.dll (API version 3944462).
LogModuleManager: Display: Found up-to-date module file ../../../Engine/Plugins/Media/WmfMedia/Binaries/Win64/UE4Editor-WmfMediaFactory.dll (API version 3944462).
LogModuleManager: Display: Found up-to-date module file ../../../Engine/Plugins/Media/WmfMedia/Binaries/Win64/UE4Editor-WmfMediaFactory.dll (API version 3944462).
LogModuleManager: Display: Found up-to-date module file ../../../Engine/Plugins/Messaging/TcpMessaging/Binaries/Win64/UE4Editor-TcpMessaging.dll (API version 3944462).
LogModuleManager: Display: Found up-to-date module file ../../../Engine/Plugins/Messaging/UdpMessaging/Binaries/Win64/UE4Editor-UdpMessaging.dll (API version 3944462).
LogModuleManager: Display: Found up-to-date module file ../../../Engine/Plugins/MovieScene/ActorSequence/Binaries/Win64/UE4Editor-ActorSequence.dll (API version 3944462).
LogModuleManager: Display: Found up-to-date module file ../../../Engine/Plugins/MovieScene/LevelSequenceEditor/Binaries/Win64/UE4Editor-LevelSequenceEditor.dll (API version 3944462).
LogModuleManager: Display: Found up-to-date module file ../../../Engine/Plugins/MovieScene/MatineeToLevelSequence/Binaries/Win64/UE4Editor-MatineeToLevelSequence.dll (API version 3944462).
LogModuleManager: Display: Found up-to-date module file ../../../Engine/Plugins/NetcodeUnitTest/NetcodeUnitTest/Binaries/Win64/UE4Editor-NetcodeUnitTest.dll (API version 3944462).
LogModuleManager: Display: Found up-to-date module file ../../../Engine/Plugins/NetcodeUnitTest/NUTUnrealEngine4/Binaries/Win64/UE4Editor-NUTUnrealEngine4.dll (API version 3944462).
LogModuleManager: Display: Found up-to-date module file ../../../Engine/Plugins/Online/OnlineSubsystem/Binaries/Win64/UE4Editor-OnlineSubsystem.dll (API version 3944462).
LogModuleManager: Display: Found up-to-date module file ../../../Engine/Plugins/Runtime/AndroidPermission/Binaries/Win64/UE4Editor-AndroidPermission.dll (API version 3944462).
LogModuleManager: Display: Found up-to-date module file ../../../Engine/Plugins/Online/OnlineSubsystemNull/Binaries/Win64/UE4Editor-OnlineSubsystemNull.dll (API version 3944462).
LogModuleManager: Display: Found up-to-date module file ../../../Engine/Plugins/Online/OnlineSubsystemUtils/Binaries/Win64/UE4Editor-OnlineSubsystemUtils.dll (API version 3944462).
LogModuleManager: Display: Found up-to-date module file ../../../Engine/Plugins/Online/OnlineSubsystemUtils/Binaries/Win64/UE4Editor-OnlineBlueprintSupport.dll (API version 3944462).
LogModuleManager: Display: Found up-to-date module file ../../../Engine/Plugins/Runtime/AndroidDeviceProfileSelector/Binaries/Win64/UE4Editor-AndroidDeviceProfileSelector.dll (API version 3944462).
LogModuleManager: Display: Found up-to-date module file ../../../Engine/Plugins/Runtime/AppleARKit/Binaries/Win64/UE4Editor-AppleARKit.dll (API version 3944462).
LogModuleManager: Display: Found up-to-date module file ../../../Engine/Plugins/Runtime/ProceduralMeshComponent/Binaries/Win64/UE4Editor-ProceduralMeshComponent.dll (API version 3944462).
LogModuleManager: Display: Found up-to-date module file ../../../Engine/Plugins/Runtime/ProceduralMeshComponent/Binaries/Win64/UE4Editor-ProceduralMeshComponentEditor.dll (API version 3944462).
LogModuleManager: Display: Found up-to-date module file ../../../Engine/Plugins/Animation/LiveLink/Binaries/Win64/UE4Editor-LiveLink.dll (API version 3944462).
LogModuleManager: Display: Found up-to-date module file ../../../Engine/Plugins/Animation/LiveLink/Binaries/Win64/UE4Editor-LiveLinkEditor.dll (API version 3944462).
LogModuleManager: Display: Found up-to-date module file ../../../Engine/Plugins/Runtime/ArchVisCharacter/Binaries/Win64/UE4Editor-ArchVisCharacter.dll (API version 3944462).
LogModuleManager: Display: Found up-to-date module file ../../../Engine/Plugins/Runtime/AudioCapture/Binaries/Win64/UE4Editor-AudioCapture.dll (API version 3944462).
LogModuleManager: Display: Found up-to-date module file ../../../Engine/Plugins/Runtime/AudioCapture/Binaries/Win64/UE4Editor-AudioCaptureEditor.dll (API version 3944462).
LogModuleManager: Display: Found up-to-date module file ../../../Engine/Plugins/Runtime/CableComponent/Binaries/Win64/UE4Editor-CableComponent.dll (API version 3944462).
LogModuleManager: Display: Found up-to-date module file ../../../Engine/Plugins/Runtime/CustomMeshComponent/Binaries/Win64/UE4Editor-CustomMeshComponent.dll (API version 3944462).
LogModuleManager: Display: Found up-to-date module file ../../../Engine/Plugins/Runtime/ExampleDeviceProfileSelector/Binaries/Win64/UE4Editor-ExampleDeviceProfileSelector.dll (API version 3944462).
LogModuleManager: Display: Found up-to-date module file ../../../Engine/Plugins/Runtime/ImmediatePhysics/Binaries/Win64/UE4Editor-ImmediatePhysics.dll (API version 3944462).
LogModuleManager: Display: Found up-to-date module file ../../../Engine/Plugins/Runtime/ImmediatePhysics/Binaries/Win64/UE4Editor-ImmediatePhysicsEditor.dll (API version 3944462).
LogModuleManager: Display: Found up-to-date module file ../../../Engine/Plugins/Runtime/LocationServicesBPLibrary/Binaries/Win64/UE4Editor-LocationServicesBPLibrary.dll (API version 3944462).
LogModuleManager: Display: Found up-to-date module file ../../../Engine/Plugins/Runtime/MobilePatchingUtils/Binaries/Win64/UE4Editor-MobilePatchingUtils.dll (API version 3944462).
LogModuleManager: Display: Found up-to-date module file ../../../Engine/Plugins/Runtime/Oculus/OculusVR/Binaries/Win64/UE4Editor-OculusHMD.dll (API version 3944462).
LogModuleManager: Display: Found up-to-date module file ../../../Engine/Plugins/Runtime/Oculus/OculusVR/Binaries/Win64/UE4Editor-OculusInput.dll (API version 3944462).
LogModuleManager: Display: Found up-to-date module file ../../../Engine/Plugins/Runtime/Oculus/OculusVR/Binaries/Win64/UE4Editor-OculusEditor.dll (API version 3944462).
LogModuleManager: Display: Found up-to-date module file ../../../Engine/Plugins/Runtime/PhysXVehicles/Binaries/Win64/UE4Editor-PhysXVehicles.dll (API version 3944462).
LogModuleManager: Display: Found up-to-date module file ../../../Engine/Plugins/Runtime/PhysXVehicles/Binaries/Win64/UE4Editor-PhysXVehiclesEditor.dll (API version 3944462).
LogModuleManager: Display: Found up-to-date module file ../../../Engine/Plugins/Runtime/RuntimePhysXCooking/Binaries/Win64/UE4Editor-RuntimePhysXCooking.dll (API version 3944462).
LogModuleManager: Display: Found up-to-date module file ../../../Engine/Plugins/Runtime/Steam/SteamVR/Binaries/Win64/UE4Editor-SteamVR.dll (API version 3944462).
LogModuleManager: Display: Found up-to-date module file ../../../Engine/Plugins/Runtime/Steam/SteamVR/Binaries/Win64/UE4Editor-SteamVRController.dll (API version 3944462).
LogModuleManager: Display: Found up-to-date module file ../../../Engine/Plugins/Runtime/WindowsMoviePlayer/Binaries/Win64/UE4Editor-WindowsMoviePlayer.dll (API version 3944462).
LogPluginManager: Mounting plugin Paper2D
LogPluginManager: Mounting plugin LiveLink
LogPluginManager: Mounting plugin LightPropagationVolume
LogPluginManager: Mounting plugin CLionSourceCodeAccess
LogPluginManager: Mounting plugin CodeLiteSourceCodeAccess
LogPluginManager: Mounting plugin GitSourceControl
LogPluginManager: Mounting plugin KDevelopSourceCodeAccess
LogPluginManager: Mounting plugin NullSourceCodeAccess
LogPluginManager: Mounting plugin PerforceSourceControl
LogPluginManager: Mounting plugin SubversionSourceControl
LogPluginManager: Mounting plugin UObjectPlugin
LogPluginManager: Mounting plugin VisualStudioCodeSourceCodeAccess
LogPluginManager: Mounting plugin VisualStudioSourceCodeAccess
LogPluginManager: Mounting plugin XCodeSourceCodeAccess
LogPluginManager: Mounting plugin AssetManagerEditor
LogPluginManager: Mounting plugin CryptoKeys
LogPluginManager: Mounting plugin DataValidation
LogPluginManager: Mounting plugin FacialAnimation
LogPluginManager: Mounting plugin GameplayTagsEditor
LogPluginManager: Mounting plugin MobileLauncherProfileWizard
LogPluginManager: Mounting plugin PluginBrowser
LogPluginManager: Mounting plugin SpeedTreeImporter
LogPluginManager: Mounting plugin DatasmithContent
LogPluginManager: Mounting plugin AlembicImporter
LogPluginManager: Mounting plugin CharacterAI
LogPluginManager: Mounting plugin HTML5Networking
LogPluginManager: Mounting plugin AndroidMedia
LogPluginManager: Mounting plugin AvfMedia
LogPluginManager: Mounting plugin ImgMedia
LogPluginManager: Mounting plugin LinearTimecode
LogPluginManager: Mounting plugin MediaCompositing
LogPluginManager: Mounting plugin MediaPlayerEditor
LogPluginManager: Mounting plugin WmfMedia
LogPluginManager: Mounting plugin TcpMessaging
LogPluginManager: Mounting plugin UdpMessaging
LogPluginManager: Mounting plugin ActorSequence
LogPluginManager: Mounting plugin LevelSequenceEditor
LogPluginManager: Mounting plugin MatineeToLevelSequence
LogPluginManager: Mounting plugin NetcodeUnitTest
LogPluginManager: Mounting plugin NUTUnrealEngine4
LogPluginManager: Mounting plugin OnlineSubsystemGooglePlay
LogPluginManager: Mounting plugin OnlineSubsystemIOS
LogPluginManager: Mounting plugin OnlineSubsystem
LogPluginManager: Mounting plugin OnlineSubsystemNull
LogPluginManager: Mounting plugin OnlineSubsystemUtils
LogPluginManager: Mounting plugin AndroidDeviceProfileSelector
LogPluginManager: Mounting plugin AndroidMoviePlayer
LogPluginManager: Mounting plugin AndroidPermission
LogPluginManager: Mounting plugin AppleARKit
LogPluginManager: Mounting plugin AppleMoviePlayer
LogPluginManager: Mounting plugin ArchVisCharacter
LogPluginManager: Mounting plugin AudioCapture
LogPluginManager: Mounting plugin CableComponent
LogPluginManager: Mounting plugin CustomMeshComponent
LogPluginManager: Mounting plugin ExampleDeviceProfileSelector
LogPluginManager: Mounting plugin GoogleCloudMessaging
LogPluginManager: Mounting plugin ImmediatePhysics
LogPluginManager: Mounting plugin IOSDeviceProfileSelector
LogPluginManager: Mounting plugin LinuxDeviceProfileSelector
LogPluginManager: Mounting plugin LocationServicesBPLibrary
LogPluginManager: Mounting plugin MobilePatchingUtils
LogPluginManager: Mounting plugin OculusVR
LogPluginManager: Plugin shader directory ../../../Engine/Plugins/Runtime/Oculus/OculusVR/Shaders found
LogPluginManager: Mapping shader source directory ../../../Engine/Plugins/Runtime/Oculus/OculusVR/Shaders to virtual directory /Plugin/OculusVR
LogPluginManager: Mounting plugin PhysXVehicles
LogPluginManager: Mounting plugin ProceduralMeshComponent
LogPluginManager: Mounting plugin RuntimePhysXCooking
LogPluginManager: Mounting plugin SteamVR
LogPluginManager: Mounting plugin WindowsMoviePlayer
LogStreaming: Display: Took  2.073s to configure plugins.
LogInit: Using libcurl 7.47.1
LogInit:  - built for x86_64-pc-win32
LogInit:  - supports SSL with OpenSSL/1.0.2g
LogInit:  - supports HTTP deflate (compression) using libz 1.2.8
LogInit:  - other features:
LogInit:      CURL_VERSION_SSL
LogInit:      CURL_VERSION_LIBZ
LogInit:      CURL_VERSION_IPV6
LogInit:      CURL_VERSION_ASYNCHDNS
LogInit:      CURL_VERSION_LARGEFILE
LogInit:      CURL_VERSION_IDN
LogInit:  CurlRequestOptions (configurable via config and command line):
LogInit:  - bVerifyPeer = false  - Libcurl will NOT verify peer certificate
LogInit:  - bUseHttpProxy = false  - Libcurl will NOT use HTTP proxy
LogInit:  - bDontReuseConnections = false  - Libcurl will reuse connections
LogInit:  - CertBundlePath = nullptr  - Libcurl will use whatever was configured at build time.
LogInit:  - MaxHostConnections = 16  - Libcurl will limit the number of connections to a host
LogInit:  - LocalHostAddr = Default
LogInit: WinSock: version 1.1 (2.2), MaxSocks=32767, MaxUdp=65467
LogInit: WinSock: I am hp03-201 (192.168.30.92:0)
LogInit: Build: ++UE4+Release-4.19-CL-4033788
LogInit: Engine Version: 4.19.2-4033788+++UE4+Release-4.19
LogInit: Compatible Engine Version: 4.19.0-3944462+++UE4+Release-4.19
LogInit: Net CL: 3944462
LogDevObjectVersion: Number of dev versions registered: 18
LogDevObjectVersion:   Dev-Blueprints (B0D832E4-1F89-4F0D-ACCF-7EB736FD4AA2): 10
LogDevObjectVersion:   Dev-Build (E1C64328-A22C-4D53-A36C-8E866417BD8C): 0
LogDevObjectVersion:   Dev-Core (375EC13C-06E4-48FB-B500-84F0262A717E): 2
LogDevObjectVersion:   Dev-Editor (E4B068ED-F494-42E9-A231-DA0B2E46BB41): 23
LogDevObjectVersion:   Dev-Framework (CFFC743F-43B0-4480-9391-14DF171D2073): 33
LogDevObjectVersion:   Dev-Mobile (B02B49B5-BB20-44E9-A304-32B752E40360): 2
LogDevObjectVersion:   Dev-Networking (A4E4105C-59A1-49B5-A7C5-40C4547EDFEE): 0
LogDevObjectVersion:   Dev-Online (39C831C9-5AE6-47DC-9A44-9C173E1C8E7C): 0
LogDevObjectVersion:   Dev-Physics (78F01B33-EBEA-4F98-B9B4-84EACCB95AA2): 0
LogDevObjectVersion:   Dev-Platform (6631380F-2D4D-43E0-8009-CF276956A95A): 0
LogDevObjectVersion:   Dev-Rendering (12F88B9F-8875-4AFC-A67C-D90C383ABD29): 25
LogDevObjectVersion:   Dev-Sequencer (7B5AE74C-D270-4C10-A958-57980B212A5A): 6
LogDevObjectVersion:   Dev-VR (D7296918-1DD6-4BDD-9DE2-64A83CC13884): 1
LogDevObjectVersion:   Dev-LoadTimes (C2A15278-BFE7-4AFE-6C17-90FF531DF755): 1
LogDevObjectVersion:   Private-Geometry (6EACA3D4-40EC-4CC1-B786-8BED09428FC5): 2
LogDevObjectVersion:   Dev-AnimPhys (29E575DD-E0A3-4627-9D10-D276232CDCEA): 16
LogDevObjectVersion:   Dev-ReflectionCapture (6B266CEC-1EC7-4B8F-A30B-E4D90942FC07): 1
LogDevObjectVersion:   Dev-Automation (0DF73D61-A23F-47EA-B727-89E90C41499A): 1
LogInit: Compiled (64-bit): Apr 27 2018 02:06:57
LogInit: Compiled with Visual C++: 19.00.24215.01
LogInit: Build Configuration: Development
LogInit: Branch Name: ++UE4+Release-4.19
LogInit: Command Line: -EpicPortal  -epicusername="Zozolka" -epicuserid=a150df051c1c42a1b24e44ee698f00e4 -epiclocale=pl-PL
LogInit: Base Directory: C:/Program Files/Epic Games/UE_4.19/Engine/Binaries/Win64/
LogInit: Installed Engine Build: 1
LogStreaming: Display: Took  0.000s to delete old logs.
LogInit: Presizing for max 8388607 objects, including 0 objects not considered by GC, pre-allocating 0 bytes for permanent pool.
LogInit: Object subsystem initialized
[2019.11.15-14.03.36:252][  0]LogInit: Selected Device Profile: [Windows]
[2019.11.15-14.03.36:252][  0]LogInit: Applying CVar settings loaded from the selected device profile: [Windows]
[2019.11.15-14.03.36:280][  0]LogInit: Computer: HP03-201
[2019.11.15-14.03.36:280][  0]LogInit: User: wykladowca
[2019.11.15-14.03.36:280][  0]LogInit: CPU Page size=4096, Cores=4
[2019.11.15-14.03.36:280][  0]LogInit: High frequency timer resolution =10.000000 MHz
[2019.11.15-14.03.36:281][  0]LogMemory: Memory total: Physical=7.9GB (8GB approx)
[2019.11.15-14.03.36:281][  0]LogMemory: Platform Memory Stats for Windows
[2019.11.15-14.03.36:281][  0]LogMemory: Process Physical Memory: 275.11 MB used, 275.11 MB peak
[2019.11.15-14.03.36:281][  0]LogMemory: Process Virtual Memory: 265.07 MB used, 265.07 MB peak
[2019.11.15-14.03.36:281][  0]LogMemory: Physical Memory: 5727.48 MB used,  2388.43 MB free, 8115.91 MB total
[2019.11.15-14.03.36:281][  0]LogMemory: Virtual Memory: 4780.60 MB used,  2388.43 MB free, 134217728.00 MB total
[2019.11.15-14.03.36:320][  0]LogInit: Using OS detected language (pl-PL).
[2019.11.15-14.03.36:320][  0]LogInit: Using OS detected locale (pl-PL).
[2019.11.15-14.03.36:450][  0]LogTextLocalizationManager: No localization for 'pl-PL' exists, so 'en' will be used for the language.
[2019.11.15-14.03.37:035][  0]LogStreaming: Display: Took  0.716s to EndInitTextLocalization.
[2019.11.15-14.03.37:035][  0]LogInit: Setting process to per monitor DPI aware
[2019.11.15-14.03.37:331][  0]LogSlate: New Slate User Created.  User Index 0, Is Virtual User: 0
[2019.11.15-14.03.37:331][  0]LogSlate: Slate User Registered.  User Index 0, Is Virtual User: 0
[2019.11.15-14.03.40:860][  0]LogD3D11RHI: D3D11 adapters:
[2019.11.15-14.03.40:964][  0]LogD3D11RHI:    0. 'NVIDIA GeForce GTX 680M' (Feature Level 11_0)
[2019.11.15-14.03.40:964][  0]LogD3D11RHI:       4052/0/4057 MB DedicatedVideo/DedicatedSystem/SharedSystem, Outputs:1, VendorId:0x10de
[2019.11.15-14.03.40:967][  0]LogD3D11RHI:    1. 'Microsoft Basic Render Driver' (Feature Level 11_0)
[2019.11.15-14.03.40:967][  0]LogD3D11RHI:       0/0/4057 MB DedicatedVideo/DedicatedSystem/SharedSystem, Outputs:0, VendorId:0x1414
[2019.11.15-14.03.40:967][  0]LogD3D11RHI: Chosen D3D11 Adapter: 0
[2019.11.15-14.03.40:976][  0]LogD3D11RHI: Creating new Direct3DDevice
[2019.11.15-14.03.40:976][  0]LogD3D11RHI:     GPU DeviceId: 0x11a0 (for the marketing name, search the web for "GPU Device Id")
[2019.11.15-14.03.40:976][  0]LogWindows: EnumDisplayDevices:
[2019.11.15-14.03.40:976][  0]LogWindows:    0. 'NVIDIA GeForce GTX 680M' (P:1 D:1)
[2019.11.15-14.03.40:976][  0]LogWindows:    1. 'NVIDIA GeForce GTX 680M' (P:0 D:0)
[2019.11.15-14.03.40:977][  0]LogWindows:    2. 'NVIDIA GeForce GTX 680M' (P:0 D:0)
[2019.11.15-14.03.40:977][  0]LogWindows:    3. 'NVIDIA GeForce GTX 680M' (P:0 D:0)
[2019.11.15-14.03.40:977][  0]LogWindows: DebugString: GetVideoDriverDetailsInvalid PrimaryIsNotTheChoosenAdapter GetVideoDriverDetailsInvalid PrimaryIsNotTheChoosenAdapter GetVideoDriverDetailsInvalid PrimaryIsNotTheChoosenAdapter GetVideoDriverDetailsInvalid PrimaryIsNotTheChoosenAdapter FoundDriverCount:0 
[2019.11.15-14.03.40:977][  0]LogD3D11RHI:     Adapter Name: NVIDIA GeForce GTX 680M
[2019.11.15-14.03.40:977][  0]LogD3D11RHI:   Driver Version: Unknown (internal:Unknown, unified:Unknown)
[2019.11.15-14.03.40:977][  0]LogD3D11RHI:      Driver Date: Unknown
[2019.11.15-14.03.40:977][  0]LogRHI: Texture pool is 2836 MB (70% of 4052 MB)
[2019.11.15-14.03.41:034][  0]LogD3D11RHI: [Aftermath] Aftermath enabled and primed
[2019.11.15-14.03.41:034][  0]LogD3D11RHI: [Aftermath] Aftermath enabled and primed
[2019.11.15-14.03.41:034][  0]LogD3D11RHI: Async texture creation enabled
[2019.11.15-14.03.41:049][  0]LogD3D11RHI: GPU Timing Frequency: 1000.000000 (Debug: 2 1)
[2019.11.15-14.03.41:096][  0]LogShaderCompilers: Guid format shader working directory is -20 characters bigger than the processId version (../../../../../../Users/wykladowca/Documents/Unreal Projects/HelloWorld/Intermediate/Shaders/WorkingDirectory/6004/).
[2019.11.15-14.03.41:096][  0]LogShaderCompilers: Cleaned the shader compiler working directory 'C:/Users/wykladowca/AppData/Local/Temp/UnrealShaderWorkingDir/6C467C5D400925424BC786A49E20F7FB/'.
[2019.11.15-14.03.41:474][  0]LogTemp: Display: Loaded TP AllDesktopTargetPlatform
[2019.11.15-14.03.41:494][  0]LogTemp: Display: Loaded TP MacClientTargetPlatform
[2019.11.15-14.03.41:515][  0]LogTemp: Display: Loaded TP MacNoEditorTargetPlatform
[2019.11.15-14.03.41:534][  0]LogTemp: Display: Loaded TP MacServerTargetPlatform
[2019.11.15-14.03.41:564][  0]LogTemp: Display: Loaded TP MacTargetPlatform
[2019.11.15-14.03.41:584][  0]LogTemp: Display: Loaded TP WindowsClientTargetPlatform
[2019.11.15-14.03.41:603][  0]LogTemp: Display: Loaded TP WindowsNoEditorTargetPlatform
[2019.11.15-14.03.41:622][  0]LogTemp: Display: Loaded TP WindowsServerTargetPlatform
[2019.11.15-14.03.41:632][  0]LogTemp: Display: Loaded TP WindowsTargetPlatform
[2019.11.15-14.03.41:648][  0]LogTemp: Display: Loaded TP Android_ASTCTargetPlatform
[2019.11.15-14.03.41:665][  0]LogTemp: Display: Loaded TP Android_ATCTargetPlatform
[2019.11.15-14.03.41:681][  0]LogTemp: Display: Loaded TP Android_DXTTargetPlatform
[2019.11.15-14.03.41:698][  0]LogTemp: Display: Loaded TP Android_ETC1aTargetPlatform
[2019.11.15-14.03.41:714][  0]LogTemp: Display: Loaded TP Android_ETC1TargetPlatform
[2019.11.15-14.03.41:731][  0]LogTemp: Display: Loaded TP Android_ETC2TargetPlatform
[2019.11.15-14.03.41:765][  0]LogTemp: Display: Loaded TP Android_MultiTargetPlatform
[2019.11.15-14.03.41:765][  0]LogTemp: Display: Loaded TP Android_PVRTCTargetPlatform
[2019.11.15-14.03.41:809][  0]LogTemp: Display: Loaded TP AndroidTargetPlatform
[2019.11.15-14.03.41:812][  0]LogTemp: Display: Loaded TP HTML5TargetPlatform
[2019.11.15-14.03.41:890][  0]LogTemp: Display: Loaded TP IOSTargetPlatform
[2019.11.15-14.03.41:905][  0]LogTemp: Display: Loaded TP TVOSTargetPlatform
[2019.11.15-14.03.41:922][  0]LogTemp: Display: Loaded TP LinuxClientTargetPlatform
[2019.11.15-14.03.41:939][  0]LogTemp: Display: Loaded TP LinuxNoEditorTargetPlatform
[2019.11.15-14.03.41:955][  0]LogTemp: Display: Loaded TP LinuxServerTargetPlatform
[2019.11.15-14.03.41:973][  0]LogTemp: Display: Loaded TP LinuxTargetPlatform
[2019.11.15-14.03.41:973][  0]LogTargetPlatformManager: Display: Building Assets For Windows
[2019.11.15-14.03.42:278][  0]LogXGEController: Cannot use XGE Controller as Incredibuild is not installed on this machine.
[2019.11.15-14.03.42:278][  0]LogShaderCompilers: Cannot use XGE Shader Compiler as Incredibuild is not installed on this machine.
[2019.11.15-14.03.42:278][  0]LogShaderCompilers: Display: Using Local Shader Compiler.
[2019.11.15-14.03.45:890][  0]LogDerivedDataCache: Display: Max Cache Size: 512 MB
[2019.11.15-14.03.45:975][  0]LogDerivedDataCache: Loaded boot cache 0.09s 74MB C:/Users/wykladowca/AppData/Local/UnrealEngine/4.19/DerivedDataCache/Boot.ddc.
[2019.11.15-14.03.45:975][  0]LogDerivedDataCache: Display: Loaded Boot cache: C:/Users/wykladowca/AppData/Local/UnrealEngine/4.19/DerivedDataCache/Boot.ddc
[2019.11.15-14.03.45:976][  0]LogDerivedDataCache: FDerivedDataBackendGraph:  Pak pak cache file ../../../../../../Users/wykladowca/Documents/Unreal Projects/HelloWorld/DerivedDataCache/DDC.ddp not found, will not use a pak cache.
[2019.11.15-14.03.45:976][  0]LogDerivedDataCache: Unable to find inner node Pak for hierarchical cache Hierarchy.
[2019.11.15-14.03.45:976][  0]LogDerivedDataCache: FDerivedDataBackendGraph:  CompressedPak pak cache file ../../../../../../Users/wykladowca/Documents/Unreal Projects/HelloWorld/DerivedDataCache/Compressed.ddp not found, will not use a pak cache.
[2019.11.15-14.03.45:976][  0]LogDerivedDataCache: Unable to find inner node CompressedPak for hierarchical cache Hierarchy.
[2019.11.15-14.03.45:996][  0]LogDerivedDataCache: Display: Pak cache opened for reading ../../../Engine/DerivedDataCache/Compressed.ddp.
[2019.11.15-14.03.46:009][  0]LogDerivedDataCache: Using Local data cache path C:/Users/wykladowca/AppData/Local/UnrealEngine/Common/DerivedDataCache: Writable
[2019.11.15-14.03.46:009][  0]LogDerivedDataCache: Shared data cache path not found in *engine.ini, will not use an Shared cache.
[2019.11.15-14.03.46:009][  0]LogDerivedDataCache: Unable to find inner node Shared for hierarchical cache Hierarchy.
[2019.11.15-14.03.46:023][  0]LogMaterial: Verifying Global Shaders for PCD3D_SM5
[2019.11.15-14.03.46:023][  0]LogSlate: Using Freetype 2.6.0
[2019.11.15-14.03.46:234][  0]LogSlate: SlateFontCache - WITH_FREETYPE: 1, WITH_HARFBUZZ: 1
[2019.11.15-14.03.46:234][  0]LogSlate: SlateFontCache - WITH_FREETYPE: 1, WITH_HARFBUZZ: 1
[2019.11.15-14.03.48:551][  0]LogAssetRegistry: FAssetRegistry took 0.0274 seconds to start up
[2019.11.15-14.03.49:009][  0]LogInit: Selected Device Profile: [Windows]
[2019.11.15-14.03.49:314][  0]LogSimplygon: Simplygon DLL not present - disabling.
[2019.11.15-14.03.49:319][  0]LogMeshReduction: Using SimplygonSwarm for distributed automatic mesh merging
[2019.11.15-14.03.49:319][  0]LogMeshReduction: Using QuadricMeshReduction for automatic static mesh reduction
[2019.11.15-14.03.49:319][  0]LogMeshReduction: No automatic skeletal mesh reduction module available
[2019.11.15-14.03.49:319][  0]LogMeshReduction: No automatic mesh merging module available
[2019.11.15-14.03.49:319][  0]LogMeshMerging: No automatic mesh merging module available
[2019.11.15-14.03.49:367][  0]LogNetVersion: HelloWorld , NetCL: 3944462, EngineNetVer: 2, GameNetVer: 0 (Checksum: 3406085054)
[2019.11.15-14.03.49:945][  0]LogPackageLocalizationCache: Processed 9 localized package path(s) for 1 prioritized culture(s) in 0.072753 seconds
[2019.11.15-14.03.49:953][  0]LogUObjectArray: 36728 objects as part of root set at end of initial load.
[2019.11.15-14.03.49:953][  0]LogUObjectAllocator: 7314312 out of 0 bytes used by permanent object pool.
[2019.11.15-14.03.49:953][  0]LogUObjectArray: CloseDisregardForGC: 0/0 objects in disregard for GC pool
[2019.11.15-14.04.10:385][  0]LogTcpMessaging: Initializing TcpMessaging bridge
[2019.11.15-14.04.10:448][  0]LogUdpMessaging: Initializing bridge on interface 0.0.0.0:0 to multicast group 230.0.0.1:6666.
[2019.11.15-14.04.11:062][  0]SourceControl: Source control is disabled
[2019.11.15-14.04.11:062][  0]SourceControl: Source control is disabled
[2019.11.15-14.04.11:096][  0]SourceControl: Source control is disabled
[2019.11.15-14.04.11:133][  0]SourceControl: Source control is disabled
[2019.11.15-14.04.11:942][  0]LogAndroidPermission: UAndroidPermissionCallbackProxy::GetInstance
[2019.11.15-14.04.12:226][  0]LogOcInput: OculusInput pre-init called
[2019.11.15-14.04.12:401][  0]LogEngine: Initializing Engine...
[2019.11.15-14.04.12:403][  0]LogHMD: Failed to initialize OpenVR with code 110
[2019.11.15-14.04.12:410][  0]LogStats: UGameplayTagsManager::ConstructGameplayTagTree: Construct from data asset -  0.000 s
[2019.11.15-14.04.12:410][  0]LogStats: UGameplayTagsManager::ConstructGameplayTagTree: GameplayTagTreeChangedEvent.Broadcast -  0.000 s
[2019.11.15-14.04.12:700][  0]LogAIModule: Creating AISystem for world Untitled
[2019.11.15-14.04.12:721][  0]LogInit: XAudio2 using 'Głośniki / Słuchawki (IDT High Definition Audio CODEC)' : 2 channels at 48 kHz using 32 bits per sample (channel mask 0x3)
[2019.11.15-14.04.12:790][  0]LogInit: FAudioDevice initialized.
[2019.11.15-14.04.12:967][  0]LogDerivedDataCache: Saved boot cache 0.18s 74MB C:/Users/wykladowca/AppData/Local/UnrealEngine/4.19/DerivedDataCache/Boot.ddc.
[2019.11.15-14.04.12:989][  0]LogInit: Texture streaming: Enabled
[2019.11.15-14.04.13:026][  0]LogEngineSessionManager: EngineSessionManager initialized
[2019.11.15-14.04.13:047][  0]LogInit: Transaction tracking system initialized
[2019.11.15-14.04.13:089][  0]BlueprintLog: New page: Editor Load
[2019.11.15-14.04.13:705][  0]LocalizationService: Localization service is disabled
[2019.11.15-14.04.13:870][  0]LogConsoleResponse: Display: 
[2019.11.15-14.04.14:202][  0]LogFileCache: Scanning file cache for directory 'C:/Users/wykladowca/Documents/Unreal Projects/HelloWorld/Content/' took 0.01s
[2019.11.15-14.04.14:202][  0]LogCook: Display: Max memory allowance for cook 16384mb min free memory 0mb
[2019.11.15-14.04.14:202][  0]LogCook: Display: Mobile HDR setting 1
[2019.11.15-14.04.14:202][  0]LogGameplayTags: Display: UGameplayTagsManager::DoneAddingNativeTags. DelegateIsBound: 0
[2019.11.15-14.04.14:202][  0]LogStats: UGameplayTagsManager::ConstructGameplayTagTree: Construct from data asset -  0.000 s
[2019.11.15-14.04.14:202][  0]LogStats: UGameplayTagsManager::ConstructGameplayTagTree: GameplayTagTreeChangedEvent.Broadcast -  0.000 s
[2019.11.15-14.04.14:866][  0]SourceControl: Source control is disabled
[2019.11.15-14.04.14:867][  0]Cmd: MAP LOAD FILE="../../../../../../Users/wykladowca/Documents/Unreal Projects/HelloWorld/Content/FirstPersonBP/Maps/FirstPersonExampleMap.umap" TEMPLATE=0 SHOWPROGRESS=1 FEATURELEVEL=3
[2019.11.15-14.04.14:873][  0]LightingResults: New page: Lighting Build
[2019.11.15-14.04.14:877][  0]MapCheck: New page: Map Check
[2019.11.15-14.04.14:877][  0]LightingResults: New page: Lighting Build
[2019.11.15-14.04.15:065][  0]LogUObjectGlobals: Created PersistentFrame Addr=0x000001c81cf19df0, Size=72, Default__FirstPerson_AnimBP_C Function /Game/FirstPerson/Animations/FirstPerson_AnimBP.FirstPerson_AnimBP_C:ExecuteUbergraph_FirstPerson_AnimBP
[2019.11.15-14.04.15:352][  0]LogUObjectGlobals: Destroyed PersistentFrame Addr=0x000001c81cf19df0, Size=72
[2019.11.15-14.04.15:352][  0]LogUObjectGlobals: Created PersistentFrame Addr=0x000001c81c6ebc90, Size=72, Default__FirstPerson_AnimBP_C Function /Engine/Transient.REINST_FirstPerson_AnimBP_C_0:ExecuteUbergraph_FirstPerson_AnimBP
[2019.11.15-14.04.16:042][  0]LogUObjectGlobals: Created PersistentFrame Addr=0x000001c81f077290, Size=72, Default__FirstPerson_AnimBP_C Function /Game/FirstPerson/Animations/FirstPerson_AnimBP.FirstPerson_AnimBP_C:ExecuteUbergraph_FirstPerson_AnimBP
[2019.11.15-14.04.16:059][  0]LogUObjectGlobals: Created PersistentFrame Addr=0x000001c81e709100, Size=256, Default__FirstPersonProjectile_C Function /Game/FirstPersonBP/Blueprints/FirstPersonProjectile.FirstPersonProjectile_C:ExecuteUbergraph_FirstPersonProjectile
[2019.11.15-14.04.16:066][  0]LogUObjectGlobals: Destroyed PersistentFrame Addr=0x000001c81e709100, Size=256
[2019.11.15-14.04.16:066][  0]LogUObjectGlobals: Created PersistentFrame Addr=0x000001c81e709100, Size=256, Default__FirstPersonProjectile_C Function /Engine/Transient.REINST_FirstPersonProjectile_C_4:ExecuteUbergraph_FirstPersonProjectile
[2019.11.15-14.04.16:082][  0]LogUObjectGlobals: Created PersistentFrame Addr=0x000001c81e7bac00, Size=256, Default__FirstPersonProjectile_C Function /Game/FirstPersonBP/Blueprints/FirstPersonProjectile.FirstPersonProjectile_C:ExecuteUbergraph_FirstPersonProjectile
[2019.11.15-14.04.16:227][  0]LogUObjectGlobals: Created PersistentFrame Addr=0x000001c81dad1300, Size=688, Default__FirstPersonCharacter_C Function /Game/FirstPersonBP/Blueprints/FirstPersonCharacter.FirstPersonCharacter_C:ExecuteUbergraph_FirstPersonCharacter
[2019.11.15-14.04.16:324][  0]LogUObjectGlobals: Destroyed PersistentFrame Addr=0x000001c81dad1300, Size=688
[2019.11.15-14.04.16:324][  0]LogUObjectGlobals: Created PersistentFrame Addr=0x000001c81dad1300, Size=688, Default__FirstPersonCharacter_C Function /Engine/Transient.REINST_FirstPersonCharacter_C_6:ExecuteUbergraph_FirstPersonCharacter
[2019.11.15-14.04.16:396][  0]LogUObjectGlobals: Created PersistentFrame Addr=0x000001c81c732500, Size=688, Default__FirstPersonCharacter_C Function /Game/FirstPersonBP/Blueprints/FirstPersonCharacter.FirstPersonCharacter_C:ExecuteUbergraph_FirstPersonCharacter
[2019.11.15-14.04.16:564][  0]LogUObjectGlobals: Created PersistentFrame Addr=0x000001c81ceb0950, Size=52, Default__FirstPersonHUD_C Function /Game/FirstPersonBP/Blueprints/FirstPersonHUD.FirstPersonHUD_C:ExecuteUbergraph_FirstPersonHUD
[2019.11.15-14.04.16:569][  0]LogUObjectGlobals: Destroyed PersistentFrame Addr=0x000001c81ceb0950, Size=52
[2019.11.15-14.04.16:569][  0]LogUObjectGlobals: Created PersistentFrame Addr=0x000001c81ceb0950, Size=52, Default__FirstPersonHUD_C Function /Engine/Transient.REINST_FirstPersonHUD_C_10:ExecuteUbergraph_FirstPersonHUD
[2019.11.15-14.04.16:573][  0]LogUObjectGlobals: Created PersistentFrame Addr=0x000001c81ceb0448, Size=52, Default__FirstPersonHUD_C Function /Game/FirstPersonBP/Blueprints/FirstPersonHUD.FirstPersonHUD_C:ExecuteUbergraph_FirstPersonHUD
[2019.11.15-14.04.16:968][  0]LogSkeletalMesh: Skeletal Mesh found in DDC [70.915497ms] /Game/FirstPerson/Character/Mesh/SK_Mannequin_Arms.SK_Mannequin_Arms
[2019.11.15-14.04.17:100][  0]LogTexture: Display: Building textures: HQ_Lightmap0_5 (AutoDXT, 64X64)
[2019.11.15-14.04.17:100][  0]LogTexture: Display: Building textures: LQ_Lightmap_0_1 (DXT1, 2048X2048)
[2019.11.15-14.04.17:100][  0]LogTexture: Display: Building textures: HQ_Lightmap0_2 (AutoDXT, 2048X2048)
[2019.11.15-14.04.17:100][  0]LogTexture: Display: Building textures: HQ_Lightmap0_4 (AutoDXT, 2048X2048)
[2019.11.15-14.04.17:175][  0]LogTexture: Display: Building textures: HQ_Lightmap0_1 (AutoDXT, 2048X2048)
[2019.11.15-14.04.17:176][  0]LogTexture: Display: Building textures: HQ_Lightmap0_3 (AutoDXT, 2048X2048)
[2019.11.15-14.04.17:176][  0]LogSkeletalMesh: Skeletal Mesh found in DDC [73.635902ms] /Game/FirstPerson/FPWeapon/Mesh/SK_FPGun.SK_FPGun
[2019.11.15-14.04.17:403][  0]LogTexture: Display: Building textures: LQ_Lightmap_0_2 (DXT1, 2048X2048)
[2019.11.15-14.04.19:590][  0]LogTexture: Display: Building textures: LQ_Lightmap_0_3 (DXT1, 2048X2048)
[2019.11.15-14.04.19:590][  0]LogTexture: Display: Building textures: LQ_Lightmap_0_4 (DXT1, 2048X2048)
[2019.11.15-14.04.19:590][  0]LogTexture: Display: Building textures: LQ_Lightmap_0_5 (DXT1, 64X64)
[2019.11.15-14.04.19:590][  0]LogTexture: Display: Building textures: SkyOcclusion0_1 (AutoDXT, 2048X1024)
[2019.11.15-14.04.19:590][  0]LogTexture: Display: Building textures: SkyOcclusion0_2 (AutoDXT, 2048X1024)
[2019.11.15-14.04.19:590][  0]LogTexture: Display: Building textures: SkyOcclusion0_3 (AutoDXT, 2048X1024)
[2019.11.15-14.04.19:590][  0]LogTexture: Display: Building textures: SkyOcclusion0_4 (AutoDXT, 2048X1024)
[2019.11.15-14.04.19:590][  0]LogTexture: Display: Building textures: SkyOcclusion0_5 (AutoDXT, 64X32)
[2019.11.15-14.04.19:590][  0]LogTexture: Display: Building textures: ShadowMapTexture2D_0 (G8, 2048X1024)
[2019.11.15-14.04.19:590][  0]LogTexture: Display: Building textures: ShadowMapTexture2D_1 (G8, 2048X1024)
[2019.11.15-14.04.19:590][  0]LogTexture: Display: Building textures: ShadowMapTexture2D_2 (G8, 2048X1024)
[2019.11.15-14.04.20:660][  0]LogTexture: Display: Building textures: ShadowMapTexture2D_3 (G8, 2048X1024)
[2019.11.15-14.04.20:660][  0]LogTexture: Display: Building textures: ShadowMapTexture2D_4 (G8, 2048X1024)
[2019.11.15-14.04.20:660][  0]LogTexture: Display: Building textures: ShadowMapTexture2D_5 (G8, 2048X1024)
[2019.11.15-14.04.20:660][  0]LogTexture: Display: Building textures: ShadowMapTexture2D_6 (G8, 2048X1024)
[2019.11.15-14.04.20:660][  0]LogTexture: Display: Building textures: ShadowMapTexture2D_7 (G8, 64X32)
[2019.11.15-14.04.20:760][  0]LogAIModule: Creating AISystem for world FirstPersonExampleMap
[2019.11.15-14.04.21:697][  0]LogEditorServer: Finished looking for orphan Actors (0.000 secs)
[2019.11.15-14.04.21:744][  0]LogUObjectGlobals: Destroyed PersistentFrame Addr=0x000001c81c6ebc90, Size=72
[2019.11.15-14.04.21:744][  0]LogUObjectGlobals: Destroyed PersistentFrame Addr=0x000001c81e709100, Size=256
[2019.11.15-14.04.21:744][  0]LogUObjectGlobals: Destroyed PersistentFrame Addr=0x000001c81dad1300, Size=688
[2019.11.15-14.04.21:745][  0]LogUObjectGlobals: Destroyed PersistentFrame Addr=0x000001c81ceb0950, Size=52
[2019.11.15-14.04.21:786][  0]Cmd: MAP CHECKDEP NOCLEARLOG
[2019.11.15-14.04.21:922][  0]MapCheck: Map check complete: 0 Error(s), 0 Warning(s), took 135,903ms to complete.
[2019.11.15-14.04.21:922][  0]LogFileHelpers: Loading map 'FirstPersonExampleMap' took 7.055
[2019.11.15-14.04.26:229][  0]LogCollectionManager: Loaded 0 collections in 0.003057 seconds
[2019.11.15-14.04.27:183][  0]LogFileCache: Scanning file cache for directory 'C:/Users/wykladowca/Documents/Unreal Projects/HelloWorld/Saved/Collections/' took 0.01s
[2019.11.15-14.04.27:183][  0]LogFileCache: Scanning file cache for directory 'C:/Users/wykladowca/Documents/Unreal Projects/HelloWorld/Content/Developers/wykladowca/Collections/' took 0.01s
[2019.11.15-14.04.27:184][  0]LogFileCache: Scanning file cache for directory 'C:/Users/wykladowca/Documents/Unreal Projects/HelloWorld/Content/Collections/' took 0.01s
[2019.11.15-14.04.27:184][  0]LogCollectionManager: Rebuilt the GUID cache for 0 collections in 0.000001 seconds
[2019.11.15-14.04.27:294][  0]LogContentBrowser: Native class hierarchy populated in 0.0630 seconds. Added 2452 classes and 558 folders.
[2019.11.15-14.04.27:526][  0]LogContentBrowser: Native class hierarchy updated for 'WidgetCarousel' in 0.0006 seconds. Added 0 classes and 0 folders.
[2019.11.15-14.04.27:612][  0]LogContentBrowser: Native class hierarchy updated for 'AddContentDialog' in 0.0002 seconds. Added 0 classes and 0 folders.
[2019.11.15-14.04.27:741][  0]LogContentBrowser: Native class hierarchy updated for 'SceneOutliner' in 0.0006 seconds. Added 1 classes and 2 folders.
[2019.11.15-14.04.28:811][  0]LogSlate: Took 0.000282 seconds to synchronously load lazily loaded font '../../../Engine/Content/Slate/Fonts/Roboto-Regular.ttf' (155K)
[2019.11.15-14.04.28:814][  0]LogSlate: Took 0.000364 seconds to synchronously load lazily loaded font '../../../Engine/Content/Slate/Fonts/Roboto-Bold.ttf' (160K)
[2019.11.15-14.04.28:949][  0]LogSlate: Took 0.027435 seconds to synchronously load lazily loaded font '../../../Engine/Content/Editor/Slate/Fonts/FontAwesome.ttf' (139K)
[2019.11.15-14.04.29:728][  0]LogRenderer: Reallocating scene render targets to support 1616x808 Format 10 NumSamples 1 (Frame:1).
[2019.11.15-14.04.30:852][  0]LogSlate: FSceneViewport::OnFocusLost() reason 2
[2019.11.15-14.04.31:344][  0]LogSlate: Window 'Tutorials' being destroyed
[2019.11.15-14.04.31:388][  0]LogContentBrowser: Native class hierarchy updated for 'HierarchicalLODOutliner' in 0.0004 seconds. Added 0 classes and 0 folders.
[2019.11.15-14.04.31:388][  0]LogLoad: (Engine Initialization) Total time: 62.05 seconds
[2019.11.15-14.04.31:388][  0]LogLoad: (Engine Initialization) Total Blueprint compile time: 0.00 seconds
[2019.11.15-14.04.31:748][  0]LogContentStreaming: Texture pool size now 1000 MB
[2019.11.15-14.04.32:405][  3]LogAssetRegistry: Asset discovery search completed in 43.8769 seconds
[2019.11.15-14.04.32:407][  3]LogCollectionManager: Rebuilt the object cache for 0 collections in 0.000000 seconds (found 0 objects)
[2019.11.15-14.04.32:407][  3]LogCollectionManager: Fixed up redirectors for 0 collections in 0.000090 seconds (updated 0 objects)
[2019.11.15-14.05.29:322][635]LogEditorViewport: Clicking on Actor (context menu): StaticMeshActor (Floor)
[2019.11.15-14.05.30:811][635]LogSlate: FSceneViewport::OnFocusLost() reason 2
[2019.11.15-14.05.38:298][125]LogEditorViewport: Clicking on Actor (LMB): StaticMeshActor (Floor)
[2019.11.15-14.06.26:117][608]LogSlate: FSceneViewport::OnFocusLost() reason 2
[2019.11.15-14.06.26:727][656]LogSlate: Took 0.000238 seconds to synchronously load lazily loaded font '../../../Engine/Content/Slate/Fonts/Roboto-Light.ttf' (167K)
[2019.11.15-14.06.27:844][732]LogSlate: FSceneViewport::OnFocusLost() reason 2
[2019.11.15-14.06.28:629][732]LogContentBrowser: Native class hierarchy updated for 'BlueprintGraph' in 0.0008 seconds. Added 116 classes and 0 folders.
[2019.11.15-14.06.29:306][732]LogUObjectGlobals: Created PersistentFrame Addr=0x000001c8978ee6a8, Size=4, Default__SKEL_PROTO_BP_AnimBlueprint_0_C Function /Engine/Transient.SKEL_PROTO_BP_AnimBlueprint_0_C:ExecuteUbergraph_PROTO_BP_AnimBlueprint_0
[2019.11.15-14.06.29:307][732]LogUObjectGlobals: Created PersistentFrame Addr=0x000001c8978ee6a0, Size=4, Default__PROTO_BP_AnimBlueprint_0_C Function /Engine/Transient.PROTO_BP_AnimBlueprint_0_C:ExecuteUbergraph_PROTO_BP_AnimBlueprint_0
[2019.11.15-14.06.30:487][732]LogSlate: Took 0.012058 seconds to synchronously load lazily loaded font '../../../Engine/Content/Slate/Fonts/Roboto-BoldCondensed.ttf' (158K)
[2019.11.15-14.06.54:731][ 87]BlueprintLog: New page: Compile FirstPersonExampleMap
[2019.11.15-14.06.54:746][ 87]LogUObjectGlobals: Created PersistentFrame Addr=0x000001c89a0c1b98, Size=40, Default__FirstPersonExampleMap_C Function /Game/FirstPersonBP/Maps/FirstPersonExampleMap.FirstPersonExampleMap_C:ExecuteUbergraph_FirstPersonExampleMap
[2019.11.15-14.06.56:168][119]LogUObjectGlobals: Destroyed PersistentFrame Addr=0x000001c89a0c1b98, Size=40
[2019.11.15-14.06.56:168][119]LogUObjectGlobals: Created PersistentFrame Addr=0x000001c89de8e840, Size=40, Default__FirstPersonExampleMap_C Function /Engine/Transient.REINST_FirstPersonExampleMap_C_32:ExecuteUbergraph_FirstPersonExampleMap
[2019.11.15-14.06.56:170][119]LogUObjectGlobals: Created PersistentFrame Addr=0x000001c89de8c180, Size=40, Default__FirstPersonExampleMap_C Function /Game/FirstPersonBP/Maps/FirstPersonExampleMap.FirstPersonExampleMap_C:ExecuteUbergraph_FirstPersonExampleMap
[2019.11.15-14.06.56:387][119]LogSavePackage: Save=223.69ms
[2019.11.15-14.06.56:387][119]LogSavePackage: Moving '../../../../../../Users/wykladowca/Documents/Unreal Projects/HelloWorld/Saved/FirstPersonExampleMap804685EA4CF59301CC91C6842E3372F8.tmp' to '../../../../../../Users/wykladowca/Documents/Unreal Projects/HelloWorld/Content/FirstPersonBP/Maps/FirstPersonExampleMap.umap'
[2019.11.15-14.06.56:418][119]LogSavePackage: Display: Finished SavePackage ../../../../../../Users/wykladowca/Documents/Unreal Projects/HelloWorld/Content/FirstPersonBP/Maps/FirstPersonExampleMap.umap
[2019.11.15-14.06.56:477][119]LogFileHelpers: Saving map 'FirstPersonExampleMap' took 0.572
[2019.11.15-14.06.57:262][164]LogSlate: FSceneViewport::OnFocusLost() reason 0
[2019.11.15-14.06.57:354][170]LogSlate: Window 'FirstPersonExampleMap - Level Blueprint Editor' being destroyed
[2019.11.15-14.06.57:359][170]LogSlate: Window 'FirstPersonExampleMap - Level Blueprint Editor' being destroyed
[2019.11.15-14.06.58:398][241]LogSlate: FSceneViewport::OnFocusLost() reason 0
[2019.11.15-14.06.58:503][250]LogTemp: Repeating last play command: Selected Viewport
[2019.11.15-14.06.58:517][250]LogBlueprintUserMessages: Early PlayInEditor Detection: Level '/Game/FirstPersonBP/Maps/FirstPersonExampleMap.FirstPersonExampleMap:PersistentLevel' has LevelScriptBlueprint '/Game/FirstPersonBP/Maps/FirstPersonExampleMap.FirstPersonExampleMap:PersistentLevel.FirstPersonExampleMap' with GeneratedClass '/Game/FirstPersonBP/Maps/FirstPersonExampleMap.FirstPersonExampleMap_C' with ClassGeneratedBy '/Game/FirstPersonBP/Maps/FirstPersonExampleMap.FirstPersonExampleMap:PersistentLevel.FirstPersonExampleMap'
[2019.11.15-14.06.58:575][250]LogPlayLevel: PlayLevel: No blueprints needed recompiling
[2019.11.15-14.06.58:750][250]PIE: New page: PIE session: FirstPersonExampleMap (15 lis 2019, 16:06:58)
[2019.11.15-14.06.58:765][250]LogPlayLevel: Creating play world package: /Game/FirstPersonBP/Maps/UEDPIE_0_FirstPersonExampleMap
[2019.11.15-14.06.58:825][250]LogPlayLevel: PIE: StaticDuplicateObject took: (0.059910s)
[2019.11.15-14.06.58:832][250]LogAIModule: Creating AISystem for world FirstPersonExampleMap
[2019.11.15-14.06.58:833][250]LogPlayLevel: PIE: World Init took: (0.000991s)
[2019.11.15-14.06.58:833][250]LogPlayLevel: PIE: Created PIE world by copying editor world from /Game/FirstPersonBP/Maps/FirstPersonExampleMap.FirstPersonExampleMap to /Game/FirstPersonBP/Maps/UEDPIE_0_FirstPersonExampleMap.FirstPersonExampleMap (0.067971s)
[2019.11.15-14.06.58:861][250]LogUObjectGlobals: Destroyed PersistentFrame Addr=0x000001c89de8e840, Size=40
[2019.11.15-14.06.58:879][250]LogInit: XAudio2 using 'Głośniki / Słuchawki (IDT High Definition Audio CODEC)' : 2 channels at 48 kHz using 32 bits per sample (channel mask 0x3)
[2019.11.15-14.06.58:911][250]LogInit: FAudioDevice initialized.
[2019.11.15-14.06.58:959][250]LogLoad: Game class is 'FirstPersonGameMode_C'
[2019.11.15-14.06.59:046][250]LogWorld: Bringing World /Game/FirstPersonBP/Maps/UEDPIE_0_FirstPersonExampleMap.FirstPersonExampleMap up for play (max tick rate 0) at 2019.11.15-15.06.59
[2019.11.15-14.06.59:079][250]LogWorld: Bringing up level for play took: 0.051634
[2019.11.15-14.06.59:187][250]LogContentBrowser: Native class hierarchy updated for 'MovieSceneCapture' in 0.0004 seconds. Added 11 classes and 0 folders.
[2019.11.15-14.06.59:206][250]PIE: Play in editor start time for /Game/FirstPersonBP/Maps/UEDPIE_0_FirstPersonExampleMap 0,143
[2019.11.15-14.06.59:207][250]LogBlueprintUserMessages: Late PlayInEditor Detection: Level '/Game/FirstPersonBP/Maps/FirstPersonExampleMap.FirstPersonExampleMap:PersistentLevel' has LevelScriptBlueprint '/Game/FirstPersonBP/Maps/FirstPersonExampleMap.FirstPersonExampleMap:PersistentLevel.FirstPersonExampleMap' with GeneratedClass '/Game/FirstPersonBP/Maps/FirstPersonExampleMap.FirstPersonExampleMap_C' with ClassGeneratedBy '/Game/FirstPersonBP/Maps/FirstPersonExampleMap.FirstPersonExampleMap:PersistentLevel.FirstPersonExampleMap'
[2019.11.15-14.07.00:287][304]LogBlueprintUserMessages: [FirstPersonExampleMap_C_2] HelloSwiat
[2019.11.15-14.07.00:329][308]LogBlueprintUserMessages: [FirstPersonExampleMap_C_2] HelloSwiat
[2019.11.15-14.07.00:667][340]LogBlueprintUserMessages: [FirstPersonExampleMap_C_2] HelloSwiat
[2019.11.15-14.07.00:800][353]LogBlueprintUserMessages: [FirstPersonExampleMap_C_2] HelloSwiat
[2019.11.15-14.07.00:996][372]LogBlueprintUserMessages: [FirstPersonExampleMap_C_2] HelloSwiat
[2019.11.15-14.07.01:342][406]LogBlueprintUserMessages: [FirstPersonExampleMap_C_2] HelloSwiat
[2019.11.15-14.07.01:535][425]LogBlueprintUserMessages: [FirstPersonExampleMap_C_2] HelloSwiat
[2019.11.15-14.07.01:698][441]LogBlueprintUserMessages: [FirstPersonExampleMap_C_2] HelloSwiat
[2019.11.15-14.07.01:844][455]LogBlueprintUserMessages: [FirstPersonExampleMap_C_2] HelloSwiat
[2019.11.15-14.07.01:973][468]LogBlueprintUserMessages: [FirstPersonExampleMap_C_2] HelloSwiat
[2019.11.15-14.07.02:517][521]LogBlueprintUserMessages: Early EndPlayMap Detection: Level '/Game/FirstPersonBP/Maps/FirstPersonExampleMap.FirstPersonExampleMap:PersistentLevel' has LevelScriptBlueprint '/Game/FirstPersonBP/Maps/FirstPersonExampleMap.FirstPersonExampleMap:PersistentLevel.FirstPersonExampleMap' with GeneratedClass '/Game/FirstPersonBP/Maps/FirstPersonExampleMap.FirstPersonExampleMap_C' with ClassGeneratedBy '/Game/FirstPersonBP/Maps/FirstPersonExampleMap.FirstPersonExampleMap:PersistentLevel.FirstPersonExampleMap'
[2019.11.15-14.07.02:600][521]LogBlueprintUserMessages: Late EndPlayMap Detection: Level '/Game/FirstPersonBP/Maps/FirstPersonExampleMap.FirstPersonExampleMap:PersistentLevel' has LevelScriptBlueprint '/Game/FirstPersonBP/Maps/FirstPersonExampleMap.FirstPersonExampleMap:PersistentLevel.FirstPersonExampleMap' with GeneratedClass '/Game/FirstPersonBP/Maps/FirstPersonExampleMap.FirstPersonExampleMap_C' with ClassGeneratedBy '/Game/FirstPersonBP/Maps/FirstPersonExampleMap.FirstPersonExampleMap:PersistentLevel.FirstPersonExampleMap'
[2019.11.15-14.07.07:199][690]LogSlate: FSceneViewport::OnFocusLost() reason 2
[2019.11.15-14.07.14:222][293]LogSlate: FSceneViewport::OnFocusLost() reason 0
[2019.11.15-14.07.20:345][825]LogSlate: Window 'HelloWorld - Unreal Editor' being destroyed
[2019.11.15-14.07.20:346][825]LogWindowsTextInputMethodSystem: Display: IME system now deactivated.
[2019.11.15-14.07.20:724][826]Cmd: QUIT_EDITOR
[2019.11.15-14.07.21:233][826]LogSlate: Slate User Destroyed.  User Index 0, Is Virtual User: 0
[2019.11.15-14.07.21:234][826]LogExit: Preparing to exit.
[2019.11.15-14.07.21:610][826]LogDirectoryWatcher: A directory notification for 'C:/Users/wykladowca/Documents/Unreal Projects/HelloWorld/Content/' was aborted.
[2019.11.15-14.07.21:653][826]LogExit: Editor shut down
[2019.11.15-14.07.21:658][826]LogExit: Transaction tracking system shut down
[2019.11.15-14.07.21:659][826]LogUObjectGlobals: Destroyed PersistentFrame Addr=0x000001c81f077290, Size=72
[2019.11.15-14.07.21:659][826]LogUObjectGlobals: Destroyed PersistentFrame Addr=0x000001c81e7bac00, Size=256
[2019.11.15-14.07.21:659][826]LogUObjectGlobals: Destroyed PersistentFrame Addr=0x000001c81c732500, Size=688
[2019.11.15-14.07.21:660][826]LogUObjectGlobals: Destroyed PersistentFrame Addr=0x000001c81ceb0448, Size=52
[2019.11.15-14.07.21:663][826]LogUObjectGlobals: Destroyed PersistentFrame Addr=0x000001c89de8c180, Size=40
[2019.11.15-14.07.21:663][826]LogUObjectGlobals: Destroyed PersistentFrame Addr=0x000001c8978ee6a8, Size=4
[2019.11.15-14.07.21:663][826]LogUObjectGlobals: Destroyed PersistentFrame Addr=0x000001c8978ee6a0, Size=4
[2019.11.15-14.07.21:870][826]LogDirectoryWatcher: A directory notification for '../../../Engine/Content/' was aborted.
[2019.11.15-14.07.21:870][826]LogDirectoryWatcher: A directory notification for '../../../../../../Users/wykladowca/Documents/Unreal Projects/HelloWorld/Content/' was aborted.
[2019.11.15-14.07.21:871][826]LogDirectoryWatcher: A directory notification for '../../Plugins/2D/Paper2D/Content/' was aborted.
[2019.11.15-14.07.21:871][826]LogDirectoryWatcher: A directory notification for '../../Plugins/Enterprise/DatasmithContent/Content/' was aborted.
[2019.11.15-14.07.21:871][826]LogDirectoryWatcher: A directory notification for '../../Plugins/Media/MediaCompositing/Content/' was aborted.
[2019.11.15-14.07.21:871][826]LogDirectoryWatcher: A directory notification for '../../Plugins/Runtime/AppleARKit/Content/' was aborted.
[2019.11.15-14.07.21:871][826]LogDirectoryWatcher: A directory notification for '../../Plugins/Runtime/Oculus/OculusVR/Content/' was aborted.
[2019.11.15-14.07.21:871][826]LogDirectoryWatcher: A directory notification for '../../Plugins/Runtime/Steam/SteamVR/Content/' was aborted.
[2019.11.15-14.07.21:966][826]LogExit: Object subsystem successfully closed.
[2019.11.15-14.07.21:985][826]LogShaderCompilers: Display: Shaders left to compile 0
[2019.11.15-14.07.21:989][826]LogD3D11RHI: Shutdown
[2019.11.15-14.07.21:989][826]LogD3D11RHI: CleanupD3DDevice
[2019.11.15-14.07.21:991][826]LogD3D11RHI: ~FD3D11DynamicRHI
[2019.11.15-14.07.22:038][826]LogModuleManager: Shutting down and abandoning module MovieSceneCapture (578)
[2019.11.15-14.07.22:038][826]LogModuleManager: Shutting down and abandoning module BlueprintGraph (576)
[2019.11.15-14.07.22:038][826]LogModuleManager: Shutting down and abandoning module HierarchicalLODOutliner (574)
[2019.11.15-14.07.22:038][826]LogModuleManager: Shutting down and abandoning module SceneOutliner (572)
[2019.11.15-14.07.22:050][826]LogModuleManager: Shutting down and abandoning module AddContentDialog (570)
[2019.11.15-14.07.22:050][826]LogDirectoryWatcher: A directory notification for 'C:/Program Files/Epic Games/UE_4.19/FeaturePacks/' was aborted.
[2019.11.15-14.07.22:051][826]LogModuleManager: Shutting down and abandoning module WidgetCarousel (569)
[2019.11.15-14.07.22:051][826]LogModuleManager: Shutting down and abandoning module EditorWidgets (566)
[2019.11.15-14.07.22:051][826]LogModuleManager: Shutting down and abandoning module CollectionManager (564)
[2019.11.15-14.07.22:052][826]LogDirectoryWatcher: A directory notification for 'C:/Users/wykladowca/Documents/Unreal Projects/HelloWorld/Content/Collections/' was aborted.
[2019.11.15-14.07.22:052][826]LogDirectoryWatcher: A directory notification for 'C:/Users/wykladowca/Documents/Unreal Projects/HelloWorld/Content/Developers/wykladowca/Collections/' was aborted.
[2019.11.15-14.07.22:052][826]LogDirectoryWatcher: A directory notification for 'C:/Users/wykladowca/Documents/Unreal Projects/HelloWorld/Saved/Collections/' was aborted.
[2019.11.15-14.07.22:052][826]LogModuleManager: Shutting down and abandoning module StatsViewer (562)
[2019.11.15-14.07.22:052][826]LogModuleManager: Shutting down and abandoning module FoliageEdit (560)
[2019.11.15-14.07.22:052][826]LogModuleManager: Shutting down and abandoning module LandscapeEditor (558)
[2019.11.15-14.07.22:052][826]LogModuleManager: Shutting down and abandoning module MeshPaintMode (556)
[2019.11.15-14.07.22:052][826]LogModuleManager: Shutting down and abandoning module SceneDepthPickerMode (554)
[2019.11.15-14.07.22:052][826]LogModuleManager: Shutting down and abandoning module ActorPickerMode (552)
[2019.11.15-14.07.22:052][826]LogModuleManager: Shutting down and abandoning module GeometryMode (550)
[2019.11.15-14.07.22:052][826]LogModuleManager: Shutting down and abandoning module TextureAlignMode (548)
[2019.11.15-14.07.22:052][826]LogModuleManager: Shutting down and abandoning module BspMode (546)
[2019.11.15-14.07.22:052][826]LogModuleManager: Shutting down and abandoning module PIEPreviewDeviceProfileSelector (544)
[2019.11.15-14.07.22:053][826]LogModuleManager: Shutting down and abandoning module HardwareSurvey (542)
[2019.11.15-14.07.22:053][826]LogModuleManager: Shutting down and abandoning module SequenceRecorderSections (540)
[2019.11.15-14.07.22:053][826]LogModuleManager: Shutting down and abandoning module AutomationWorker (538)
[2019.11.15-14.07.22:053][826]LogModuleManager: Shutting down and abandoning module AudioCaptureEditor (536)
[2019.11.15-14.07.22:053][826]LogModuleManager: Shutting down and abandoning module SequenceRecorder (535)
[2019.11.15-14.07.22:053][826]LogModuleManager: Shutting down and abandoning module MatineeToLevelSequence (532)
[2019.11.15-14.07.22:053][826]LogModuleManager: Shutting down and abandoning module LevelSequenceEditor (530)
[2019.11.15-14.07.22:053][826]LogModuleManager: Shutting down and abandoning module PlacementMode (529)
[2019.11.15-14.07.22:053][826]LogModuleManager: Shutting down and abandoning module MaterialEditor (528)
[2019.11.15-14.07.22:053][826]LogModuleManager: Shutting down and abandoning module WmfMediaFactory (524)
[2019.11.15-14.07.22:053][826]LogModuleManager: Shutting down and abandoning module WmfMediaEditor (522)
[2019.11.15-14.07.22:053][826]LogModuleManager: Shutting down and abandoning module MediaPlayerEditor (520)
[2019.11.15-14.07.22:053][826]LogModuleManager: Shutting down and abandoning module OpenExrWrapper (518)
[2019.11.15-14.07.22:053][826]LogModuleManager: Shutting down and abandoning module ImgMediaFactory (516)
[2019.11.15-14.07.22:053][826]LogModuleManager: Shutting down and abandoning module ImgMediaEditor (514)
[2019.11.15-14.07.22:053][826]LogModuleManager: Shutting down and abandoning module AvfMediaFactory (512)
[2019.11.15-14.07.22:053][826]LogModuleManager: Shutting down and abandoning module AvfMediaEditor (510)
[2019.11.15-14.07.22:053][826]LogModuleManager: Shutting down and abandoning module AndroidMediaFactory (508)
[2019.11.15-14.07.22:053][826]LogModuleManager: Shutting down and abandoning module AndroidMediaEditor (506)
[2019.11.15-14.07.22:053][826]LogModuleManager: Shutting down and abandoning module CharacterAI (504)
[2019.11.15-14.07.22:053][826]LogModuleManager: Shutting down and abandoning module SmartSnapping (502)
[2019.11.15-14.07.22:053][826]LogModuleManager: Shutting down and abandoning module SessionServices (500)
[2019.11.15-14.07.22:053][826]LogModuleManager: Shutting down and abandoning module ViewportSnapping (498)
[2019.11.15-14.07.22:053][826]LogModuleManager: Shutting down and abandoning module ViewportInteraction (496)
[2019.11.15-14.07.22:053][826]LogModuleManager: Shutting down and abandoning module ClothPainter (494)
[2019.11.15-14.07.22:053][826]LogModuleManager: Shutting down and abandoning module SkeletalMeshEditor (493)
[2019.11.15-14.07.22:053][826]LogModuleManager: Shutting down and abandoning module LogVisualizer (490)
[2019.11.15-14.07.22:053][826]LogModuleManager: Shutting down and abandoning module IntroTutorials (488)
[2019.11.15-14.07.22:054][826]LogModuleManager: Shutting down and abandoning module GameProjectGeneration (487)
[2019.11.15-14.07.22:054][826]LogModuleManager: Shutting down and abandoning module IOSPlatformEditor (484)
[2019.11.15-14.07.22:054][826]LogModuleManager: Shutting down and abandoning module HTML5PlatformEditor (482)
[2019.11.15-14.07.22:054][826]LogModuleManager: Shutting down and abandoning module AndroidPlatformEditor (480)
[2019.11.15-14.07.22:054][826]LogModuleManager: Shutting down and abandoning module AndroidDeviceDetection (479)
[2019.11.15-14.07.22:906][826]LogModuleManager: Shutting down and abandoning module WindowsPlatformEditor (476)
[2019.11.15-14.07.22:907][826]LogModuleManager: Shutting down and abandoning module IOSRuntimeSettings (474)
[2019.11.15-14.07.22:907][826]LogModuleManager: Shutting down and abandoning module AndroidRuntimeSettings (472)
[2019.11.15-14.07.22:907][826]LogModuleManager: Shutting down and abandoning module InputBindingEditor (470)
[2019.11.15-14.07.22:907][826]LogModuleManager: Shutting down and abandoning module MergeActors (468)
[2019.11.15-14.07.22:907][826]LogModuleManager: Shutting down and abandoning module LocalizationDashboard (466)
[2019.11.15-14.07.22:907][826]LogModuleManager: Shutting down and abandoning module LocalizationService (465)
[2019.11.15-14.07.22:907][826]LogModuleManager: Shutting down and abandoning module HardwareTargeting (462)
[2019.11.15-14.07.22:907][826]LogModuleManager: Shutting down and abandoning module DeviceProfileEditor (460)
[2019.11.15-14.07.22:907][826]LogModuleManager: Shutting down and abandoning module UndoHistory (458)
[2019.11.15-14.07.22:907][826]LogModuleManager: Shutting down and abandoning module XmlParser (456)
[2019.11.15-14.07.22:907][826]LogModuleManager: Shutting down and abandoning module Blutility (454)
[2019.11.15-14.07.22:907][826]LogModuleManager: Shutting down and abandoning module ProjectSettingsViewer (452)
[2019.11.15-14.07.22:907][826]LogModuleManager: Shutting down and abandoning module ProjectTargetPlatformEditor (451)
[2019.11.15-14.07.22:907][826]LogModuleManager: Shutting down and abandoning module EditorSettingsViewer (448)
[2019.11.15-14.07.22:907][826]LogModuleManager: Shutting down and abandoning module SettingsEditor (446)
[2019.11.15-14.07.22:907][826]LogModuleManager: Shutting down and abandoning module ProjectLauncher (444)
[2019.11.15-14.07.22:907][826]LogModuleManager: Shutting down and abandoning module SessionFrontend (442)
[2019.11.15-14.07.22:907][826]LogModuleManager: Shutting down and abandoning module ProfilerClient (440)
[2019.11.15-14.07.22:907][826]LogModuleManager: Shutting down and abandoning module DeviceManager (438)
[2019.11.15-14.07.22:907][826]LogModuleManager: Shutting down and abandoning module TargetDeviceServices (437)
[2019.11.15-14.07.22:962][826]LogModuleManager: Shutting down and abandoning module AutomationController (434)
[2019.11.15-14.07.22:962][826]LogModuleManager: Shutting down and abandoning module AutomationWindow (432)
[2019.11.15-14.07.22:962][826]LogModuleManager: Shutting down and abandoning module Layers (430)
[2019.11.15-14.07.22:962][826]LogModuleManager: Shutting down and abandoning module ComponentVisualizers (428)
[2019.11.15-14.07.22:962][826]LogModuleManager: Shutting down and abandoning module DetailCustomizations (426)
[2019.11.15-14.07.22:962][826]LogModuleManager: Shutting down and abandoning module PackagesDialog (424)
[2019.11.15-14.07.22:962][826]LogModuleManager: Shutting down and abandoning module Persona (422)
[2019.11.15-14.07.22:962][826]LogModuleManager: Shutting down and abandoning module AdvancedPreviewScene (421)
[2019.11.15-14.07.22:963][826]LogModuleManager: Shutting down and abandoning module AnimGraph (419)
[2019.11.15-14.07.22:963][826]LogModuleManager: Shutting down and abandoning module Kismet (416)
[2019.11.15-14.07.22:970][826]LogModuleManager: Shutting down and abandoning module GraphEditor (414)
[2019.11.15-14.07.22:970][826]LogModuleManager: Shutting down and abandoning module ClassViewer (412)
[2019.11.15-14.07.22:970][826]LogModuleManager: Shutting down and abandoning module Toolbox (410)
[2019.11.15-14.07.22:970][826]LogModuleManager: Shutting down and abandoning module ModuleUI (408)
[2019.11.15-14.07.22:970][826]LogModuleManager: Shutting down and abandoning module MovieSceneTools (406)
[2019.11.15-14.07.22:970][826]LogModuleManager: Shutting down and abandoning module OutputLog (404)
[2019.11.15-14.07.22:970][826]LogModuleManager: Shutting down and abandoning module GammaUI (402)
[2019.11.15-14.07.22:970][826]LogModuleManager: Shutting down and abandoning module Documentation (400)
[2019.11.15-14.07.22:970][826]LogModuleManager: Shutting down and abandoning module MovieSceneTracks (398)
[2019.11.15-14.07.22:970][826]LogModuleManager: Shutting down and abandoning module MovieScene (396)
[2019.11.15-14.07.22:970][826]LogModuleManager: Shutting down and abandoning module StreamingPauseRendering (394)
[2019.11.15-14.07.22:970][826]LogModuleManager: Shutting down and abandoning module LauncherPlatform (392)
[2019.11.15-14.07.22:970][826]LogModuleManager: Shutting down and abandoning module AnalyticsET (390)
[2019.11.15-14.07.22:970][826]LogModuleManager: Shutting down and abandoning module PortalServices (388)
[2019.11.15-14.07.22:970][826]LogModuleManager: Shutting down and abandoning module PortalRpc (386)
[2019.11.15-14.07.22:970][826]LogModuleManager: Shutting down and abandoning module MessagingRpc (384)
[2019.11.15-14.07.22:970][826]LogModuleManager: Shutting down and abandoning module AIModule (382)
[2019.11.15-14.07.22:971][826]LogModuleManager: Shutting down and abandoning module GameplayDebugger (381)
[2019.11.15-14.07.22:971][826]LogModuleManager: Shutting down and abandoning module AITestSuite (379)
[2019.11.15-14.07.22:971][826]LogModuleManager: Shutting down and abandoning module DesktopPlatform (376)
[2019.11.15-14.07.22:971][826]LogModuleManager: Shutting down and abandoning module ProfilerService (374)
[2019.11.15-14.07.22:998][826]LogModuleManager: Shutting down and abandoning module TaskGraph (372)
[2019.11.15-14.07.22:998][826]LogModuleManager: Shutting down and abandoning module SteamVRController (370)
[2019.11.15-14.07.22:998][826]LogModuleManager: Shutting down and abandoning module ProceduralMeshComponentEditor (368)
[2019.11.15-14.07.22:998][826]LogModuleManager: Shutting down and abandoning module ProceduralMeshComponent (366)
[2019.11.15-14.07.22:998][826]LogModuleManager: Shutting down and abandoning module OculusInput (364)
[2019.11.15-14.07.22:999][826]LogModuleManager: Shutting down and abandoning module MobilePatchingUtils (362)
[2019.11.15-14.07.22:999][826]LogModuleManager: Shutting down and abandoning module CustomMeshComponent (360)
[2019.11.15-14.07.22:999][826]LogModuleManager: Shutting down and abandoning module CableComponent (358)
[2019.11.15-14.07.22:999][826]LogModuleManager: Shutting down and abandoning module AudioCapture (356)
[2019.11.15-14.07.22:999][826]LogModuleManager: Shutting down and abandoning module ArchVisCharacter (354)
[2019.11.15-14.07.22:999][826]LogModuleManager: Shutting down and abandoning module AndroidPermission (352)
[2019.11.15-14.07.22:999][826]LogModuleManager: Shutting down and abandoning module NUTUnrealEngine4 (348)
[2019.11.15-14.07.22:999][826]LogModuleManager: Shutting down and abandoning module NetcodeUnitTest (346)
[2019.11.15-14.07.22:999][826]LogModuleManager: Shutting down and abandoning module MediaCompositingEditor (344)
[2019.11.15-14.07.22:999][826]LogModuleManager: Shutting down and abandoning module MediaCompositing (342)
[2019.11.15-14.07.22:999][826]LogModuleManager: Shutting down and abandoning module LinearTimecode (340)
[2019.11.15-14.07.22:999][826]LogModuleManager: Shutting down and abandoning module ImgMedia (338)
[2019.11.15-14.07.23:002][826]LogModuleManager: Shutting down and abandoning module HTML5Networking (336)
[2019.11.15-14.07.23:002][826]LogModuleManager: Shutting down and abandoning module AlembicImporter (334)
[2019.11.15-14.07.23:002][826]LogModuleManager: Shutting down and abandoning module AlembicLibrary (333)
[2019.11.15-14.07.23:002][826]LogModuleManager: Shutting down and abandoning module GeometryCache (332)
[2019.11.15-14.07.23:002][826]LogModuleManager: Shutting down and abandoning module GeometryCacheEd (331)
[2019.11.15-14.07.23:002][826]LogModuleManager: Shutting down and abandoning module DatasmithContent (326)
[2019.11.15-14.07.23:002][826]LogModuleManager: Shutting down and abandoning module SpeedTreeImporter (324)
[2019.11.15-14.07.23:002][826]LogModuleManager: Shutting down and abandoning module PluginBrowser (322)
[2019.11.15-14.07.23:002][826]LogModuleManager: Shutting down and abandoning module MobileLauncherProfileWizard (320)
[2019.11.15-14.07.23:002][826]LogModuleManager: Shutting down and abandoning module CryptoKeysOpenSSL (318)
[2019.11.15-14.07.23:002][826]LogModuleManager: Shutting down and abandoning module CryptoKeys (316)
[2019.11.15-14.07.23:003][826]LogModuleManager: Shutting down and abandoning module VisualStudioSourceCodeAccess (314)
[2019.11.15-14.07.23:003][826]LogModuleManager: Shutting down and abandoning module VisualStudioCodeSourceCodeAccess (312)
[2019.11.15-14.07.23:003][826]LogModuleManager: Shutting down and abandoning module UObjectPlugin (310)
[2019.11.15-14.07.23:003][826]LogModuleManager: Shutting down and abandoning module SubversionSourceControl (308)
[2019.11.15-14.07.23:003][826]LogModuleManager: Shutting down and abandoning module PerforceSourceControl (306)
[2019.11.15-14.07.23:003][826]LogModuleManager: Shutting down and abandoning module GitSourceControl (304)
[2019.11.15-14.07.23:003][826]LogModuleManager: Shutting down and abandoning module SourceControl (303)
[2019.11.15-14.07.23:003][826]LogModuleManager: Shutting down and abandoning module CLionSourceCodeAccess (300)
[2019.11.15-14.07.23:003][826]LogModuleManager: Shutting down and abandoning module LightPropagationVolumeEditor (298)
[2019.11.15-14.07.23:003][826]LogModuleManager: Shutting down and abandoning module PaperTiledImporter (296)
[2019.11.15-14.07.23:003][826]LogModuleManager: Shutting down and abandoning module PaperSpriteSheetImporter (294)
[2019.11.15-14.07.23:003][826]LogModuleManager: Shutting down and abandoning module Paper2DEditor (292)
[2019.11.15-14.07.23:003][826]LogModuleManager: Shutting down and abandoning module MeshPaint (291)
[2019.11.15-14.07.23:003][826]LogModuleManager: Shutting down and abandoning module RuntimePhysXCooking (288)
[2019.11.15-14.07.23:003][826]LogModuleManager: Shutting down and abandoning module PhysXVehiclesEditor (286)
[2019.11.15-14.07.23:003][826]LogModuleManager: Shutting down and abandoning module PhysXVehicles (284)
[2019.11.15-14.07.23:003][826]LogModuleManager: Shutting down and abandoning module OculusEditor (282)
[2019.11.15-14.07.23:003][826]LogModuleManager: Shutting down and abandoning module LocationServicesBPLibrary (280)
[2019.11.15-14.07.23:003][826]LogModuleManager: Shutting down and abandoning module ImmediatePhysicsEditor (278)
[2019.11.15-14.07.23:003][826]LogModuleManager: Shutting down and abandoning module ImmediatePhysics (276)
[2019.11.15-14.07.23:003][826]LogModuleManager: Shutting down and abandoning module ActorSequence (274)
[2019.11.15-14.07.23:003][826]LogModuleManager: Shutting down and abandoning module UdpMessaging (272)
[2019.11.15-14.07.23:104][826]LogModuleManager: Shutting down and abandoning module TcpMessaging (270)
[2019.11.15-14.07.23:204][826]LogModuleManager: Shutting down and abandoning module GameplayTagsEditor (268)
[2019.11.15-14.07.23:204][826]LogModuleManager: Shutting down and abandoning module FacialAnimationEditor (266)
[2019.11.15-14.07.23:204][826]LogModuleManager: Shutting down and abandoning module FacialAnimation (264)
[2019.11.15-14.07.23:204][826]LogModuleManager: Shutting down and abandoning module DataValidation (262)
[2019.11.15-14.07.23:204][826]LogModuleManager: Shutting down and abandoning module AssetManagerEditor (260)
[2019.11.15-14.07.23:204][826]LogModuleManager: Shutting down and abandoning module LevelEditor (259)
[2019.11.15-14.07.23:205][826]LogModuleManager: Shutting down and abandoning module PixelInspectorModule (258)
[2019.11.15-14.07.23:205][826]LogModuleManager: Shutting down and abandoning module CommonMenuExtensions (256)
[2019.11.15-14.07.23:205][826]LogModuleManager: Shutting down and abandoning module MainFrame (254)
[2019.11.15-14.07.23:205][826]LogModuleManager: Shutting down and abandoning module HotReload (253)
[2019.11.15-14.07.23:206][826]LogModuleManager: Shutting down and abandoning module ContentBrowser (249)
[2019.11.15-14.07.23:207][826]LogModuleManager: Shutting down and abandoning module TreeMap (247)
[2019.11.15-14.07.23:207][826]LogModuleManager: Shutting down and abandoning module LightPropagationVolumeRuntime (244)
[2019.11.15-14.07.23:207][826]LogModuleManager: Shutting down and abandoning module LiveLinkEditor (242)
[2019.11.15-14.07.23:207][826]LogModuleManager: Shutting down and abandoning module LiveLink (240)
[2019.11.15-14.07.23:987][826]LogModuleManager: Shutting down and abandoning module Paper2D (238)
[2019.11.15-14.07.23:987][826]LogModuleManager: Shutting down and abandoning module WindowsMoviePlayer (236)
[2019.11.15-14.07.23:988][826]LogModuleManager: Shutting down and abandoning module WmfMedia (234)
[2019.11.15-14.07.23:989][826]LogModuleManager: Shutting down and abandoning module Media (233)
[2019.11.15-14.07.23:996][826]LogModuleManager: Shutting down and abandoning module PacketHandler (230)
[2019.11.15-14.07.23:996][826]LogModuleManager: Shutting down and abandoning module ClothingSystemEditor (228)
[2019.11.15-14.07.23:996][826]LogModuleManager: Shutting down and abandoning module ClothingSystemRuntime (226)
[2019.11.15-14.07.23:996][826]LogModuleManager: Shutting down and abandoning module MediaAssets (224)
[2019.11.15-14.07.23:996][826]LogModuleManager: Shutting down and abandoning module Overlay (222)
[2019.11.15-14.07.23:996][826]LogModuleManager: Shutting down and abandoning module OverlayEditor (221)
[2019.11.15-14.07.23:996][826]LogModuleManager: Shutting down and abandoning module VREditor (218)
[2019.11.15-14.07.23:996][826]LogModuleManager: Shutting down and abandoning module StringTableEditor (216)
[2019.11.15-14.07.23:996][826]LogModuleManager: Shutting down and abandoning module GameplayTasksEditor (214)
[2019.11.15-14.07.23:996][826]LogModuleManager: Shutting down and abandoning module BehaviorTreeEditor (212)
[2019.11.15-14.07.23:996][826]LogModuleManager: Shutting down and abandoning module FunctionalTesting (210)
[2019.11.15-14.07.23:996][826]LogModuleManager: Shutting down and abandoning module CollisionAnalyzer (208)
[2019.11.15-14.07.23:996][826]LogModuleManager: Shutting down and abandoning module WorkspaceMenuStructure (207)
[2019.11.15-14.07.23:996][826]LogModuleManager: Shutting down and abandoning module UMG (204)
[2019.11.15-14.07.23:997][826]LogModuleManager: Shutting down and abandoning module UMGEditor (203)
[2019.11.15-14.07.23:997][826]LogModuleManager: Shutting down and abandoning module Sequencer (202)
[2019.11.15-14.07.23:997][826]LogModuleManager: Shutting down and abandoning module MessageLog (199)
[2019.11.15-14.07.23:997][826]LogModuleManager: Shutting down and abandoning module SlateReflector (194)
[2019.11.15-14.07.23:997][826]LogModuleManager: Shutting down and abandoning module Slate (192)
[2019.11.15-14.07.23:997][826]LogModuleManager: Shutting down and abandoning module EditorStyle (190)
[2019.11.15-14.07.24:001][826]LogModuleManager: Shutting down and abandoning module MRMesh (188)
[2019.11.15-14.07.24:001][826]LogModuleManager: Shutting down and abandoning module SourceCodeAccess (186)
[2019.11.15-14.07.24:001][826]LogModuleManager: Shutting down and abandoning module HeadMountedDisplay (184)
[2019.11.15-14.07.24:001][826]LogModuleManager: Shutting down and abandoning module XAudio2 (182)
[2019.11.15-14.07.24:001][826]LogModuleManager: Shutting down and abandoning module Networking (180)
[2019.11.15-14.07.24:001][826]LogModuleManager: Shutting down and abandoning module Core (178)
[2019.11.15-14.07.24:001][826]LogModuleManager: Shutting down and abandoning module LevelSequence (176)
[2019.11.15-14.07.24:001][826]LogModuleManager: Shutting down and abandoning module KismetCompiler (174)
[2019.11.15-14.07.24:001][826]LogModuleManager: Shutting down and abandoning module MeshUtilities (172)
[2019.11.15-14.07.24:001][826]LogModuleManager: Shutting down and abandoning module MeshMergeUtilities (171)
[2019.11.15-14.07.24:001][826]LogModuleManager: Shutting down and abandoning module MeshReductionInterface (170)
[2019.11.15-14.07.24:001][826]LogModuleManager: Shutting down and abandoning module SimplygonSwarm (169)
[2019.11.15-14.07.24:001][826]LogModuleManager: Shutting down and abandoning module SimplygonMeshReduction (167)
[2019.11.15-14.07.24:001][826]LogModuleManager: Shutting down and abandoning module QuadricMeshReduction (165)
[2019.11.15-14.07.24:001][826]LogModuleManager: Shutting down and abandoning module MaterialBaking (161)
[2019.11.15-14.07.24:002][826]LogModuleManager: Shutting down and abandoning module DirectoryWatcher (157)
[2019.11.15-14.07.24:003][826]LogModuleManager: Shutting down and abandoning module DerivedDataCache (154)
[2019.11.15-14.07.24:006][826]LogDerivedDataCache: Shutdown
[2019.11.15-14.07.24:006][826]LogModuleManager: Shutting down and abandoning module XGEController (152)
[2019.11.15-14.07.24:006][826]LogModuleManager: Shutting down and abandoning module TargetPlatform (150)
[2019.11.15-14.07.24:006][826]LogModuleManager: Shutting down and abandoning module VulkanShaderFormat (149)
[2019.11.15-14.07.24:006][826]LogModuleManager: Shutting down and abandoning module ShaderFormatVectorVM (147)
[2019.11.15-14.07.24:006][826]LogModuleManager: Shutting down and abandoning module ShaderFormatOpenGL (145)
[2019.11.15-14.07.24:006][826]LogModuleManager: Shutting down and abandoning module ShaderFormatD3D (143)
[2019.11.15-14.07.24:006][826]LogModuleManager: Shutting down and abandoning module MetalShaderFormat (141)
[2019.11.15-14.07.24:006][826]LogModuleManager: Shutting down and abandoning module TextureFormatUncompressed (139)
[2019.11.15-14.07.24:006][826]LogModuleManager: Shutting down and abandoning module TextureFormatPVR (137)
[2019.11.15-14.07.24:006][826]LogModuleManager: Shutting down and abandoning module TextureFormatDXT (135)
[2019.11.15-14.07.24:006][826]LogModuleManager: Shutting down and abandoning module TextureFormatIntelISPCTexComp (133)
[2019.11.15-14.07.24:007][826]LogModuleManager: Shutting down and abandoning module TextureFormatASTC (131)
[2019.11.15-14.07.24:007][826]LogModuleManager: Shutting down and abandoning module ImageWrapper (130)
[2019.11.15-14.07.24:007][826]LogModuleManager: Shutting down and abandoning module TextureFormatAndroid (127)
[2019.11.15-14.07.24:007][826]LogModuleManager: Shutting down and abandoning module AudioFormatOpus (125)
[2019.11.15-14.07.24:007][826]LogModuleManager: Shutting down and abandoning module AudioFormatOgg (123)
[2019.11.15-14.07.24:007][826]LogModuleManager: Shutting down and abandoning module AudioFormatADPCM (121)
[2019.11.15-14.07.24:007][826]LogModuleManager: Shutting down and abandoning module LinuxTargetPlatform (119)
[2019.11.15-14.07.24:007][826]LogModuleManager: Shutting down and abandoning module LinuxServerTargetPlatform (117)
[2019.11.15-14.07.24:007][826]LogModuleManager: Shutting down and abandoning module LinuxNoEditorTargetPlatform (115)
[2019.11.15-14.07.24:007][826]LogModuleManager: Shutting down and abandoning module LinuxClientTargetPlatform (113)
[2019.11.15-14.07.24:007][826]LogModuleManager: Shutting down and abandoning module TVOSTargetPlatform (111)
[2019.11.15-14.07.24:007][826]LogModuleManager: Shutting down and abandoning module Messaging (109)
[2019.11.15-14.07.24:007][826]LogModuleManager: Shutting down and abandoning module IOSTargetPlatform (107)
[2019.11.15-14.07.24:007][826]LogModuleManager: Shutting down and abandoning module HTML5TargetPlatform (105)
[2019.11.15-14.07.24:007][826]LogModuleManager: Shutting down and abandoning module AndroidTargetPlatform (103)
[2019.11.15-14.07.24:007][826]LogModuleManager: Shutting down and abandoning module Android_PVRTCTargetPlatform (101)
[2019.11.15-14.07.24:008][826]LogModuleManager: Shutting down and abandoning module Android_MultiTargetPlatform (99)
[2019.11.15-14.07.24:008][826]LogModuleManager: Shutting down and abandoning module Android_ETC2TargetPlatform (97)
[2019.11.15-14.07.24:008][826]LogModuleManager: Shutting down and abandoning module Android_ETC1TargetPlatform (95)
[2019.11.15-14.07.24:008][826]LogModuleManager: Shutting down and abandoning module Android_ETC1aTargetPlatform (93)
[2019.11.15-14.07.24:008][826]LogModuleManager: Shutting down and abandoning module Android_DXTTargetPlatform (91)
[2019.11.15-14.07.24:008][826]LogModuleManager: Shutting down and abandoning module Android_ATCTargetPlatform (89)
[2019.11.15-14.07.24:008][826]LogModuleManager: Shutting down and abandoning module Android_ASTCTargetPlatform (87)
[2019.11.15-14.07.24:008][826]LogModuleManager: Shutting down and abandoning module WindowsTargetPlatform (85)
[2019.11.15-14.07.24:008][826]LogModuleManager: Shutting down and abandoning module WindowsServerTargetPlatform (83)
[2019.11.15-14.07.24:008][826]LogModuleManager: Shutting down and abandoning module WindowsNoEditorTargetPlatform (81)
[2019.11.15-14.07.24:008][826]LogModuleManager: Shutting down and abandoning module WindowsClientTargetPlatform (79)
[2019.11.15-14.07.24:008][826]LogModuleManager: Shutting down and abandoning module MacTargetPlatform (77)
[2019.11.15-14.07.24:008][826]LogModuleManager: Shutting down and abandoning module MacServerTargetPlatform (75)
[2019.11.15-14.07.24:008][826]LogModuleManager: Shutting down and abandoning module MacNoEditorTargetPlatform (73)
[2019.11.15-14.07.24:008][826]LogModuleManager: Shutting down and abandoning module MacClientTargetPlatform (71)
[2019.11.15-14.07.24:008][826]LogModuleManager: Shutting down and abandoning module AllDesktopTargetPlatform (69)
[2019.11.15-14.07.24:008][826]LogModuleManager: Shutting down and abandoning module InputCore (66)
[2019.11.15-14.07.24:008][826]LogModuleManager: Shutting down and abandoning module Settings (64)
[2019.11.15-14.07.24:008][826]LogModuleManager: Shutting down and abandoning module PhysXCooking (62)
[2019.11.15-14.07.24:008][826]LogModuleManager: Shutting down and abandoning module SteamVR (60)
[2019.11.15-14.07.24:009][826]LogModuleManager: Shutting down and abandoning module OculusHMD (58)
[2019.11.15-14.07.24:009][826]LogModuleManager: Shutting down and abandoning module ExampleDeviceProfileSelector (56)
[2019.11.15-14.07.24:009][826]LogModuleManager: Shutting down and abandoning module AppleARKit (54)
[2019.11.15-14.07.24:009][826]LogModuleManager: Shutting down and abandoning module AugmentedReality (51)
[2019.11.15-14.07.24:009][826]LogModuleManager: Shutting down and abandoning module OnlineBlueprintSupport (48)
[2019.11.15-14.07.24:009][826]LogModuleManager: Shutting down and abandoning module OnlineSubsystem (44)
[2019.11.15-14.07.24:009][826]LogModuleManager: Shutting down and abandoning module XMPP (43)
[2019.11.15-14.07.24:009][826]LogModuleManager: Shutting down and abandoning module HTTP (41)
[2019.11.15-14.07.24:009][826]LogHttp: Display: Http module shutting down, but needs to wait on 1 outstanding Http requests:
[2019.11.15-14.07.24:009][826]LogHttp: Display: 	verb=[POST] url=[https://datarouter.ol.epicgames.com/datarouter/api/v1/public/data?SessionID=%7BC2AACAE8-4074-8909-D31B-23A62ACE1BA7%7D&AppID=UEEditor.Rocket.Release&AppVersion=4.19.2-4033788%2B%2B%2BUE4%2BRelease-4.19&UserID=f3cd1a3c4b75fb49cd46abbdd576c292%7Ca150df051c1c42a1b24e44ee698f00e4%7Ca576c39e-28ab-4e3a-b037-3c1a2c4108fe&AppEnvironment=datacollector-binary&UploadType=eteventstream] status=Processing
[2019.11.15-14.07.24:026][826]LogModuleManager: Shutting down and abandoning module SSL (40)
[2019.11.15-14.07.24:028][826]LogModuleManager: Shutting down and abandoning module AnimationModifiers (36)
[2019.11.15-14.07.24:028][826]LogModuleManager: Shutting down and abandoning module PropertyEditor (35)
[2019.11.15-14.07.24:028][826]LogModuleManager: Shutting down and abandoning module AudioEditor (32)
[2019.11.15-14.07.24:028][826]LogModuleManager: Shutting down and abandoning module TextureCompressor (30)
[2019.11.15-14.07.24:028][826]LogModuleManager: Shutting down and abandoning module ShaderCore (28)
[2019.11.15-14.07.24:028][826]LogModuleManager: Shutting down and abandoning module Landscape (26)
[2019.11.15-14.07.24:028][826]LogModuleManager: Shutting down and abandoning module SlateRHIRenderer (24)
[2019.11.15-14.07.24:029][826]LogModuleManager: Shutting down and abandoning module OpenGLDrv (22)
[2019.11.15-14.07.24:029][826]LogModuleManager: Shutting down and abandoning module D3D11RHI (20)
[2019.11.15-14.07.24:029][826]LogModuleManager: Shutting down and abandoning module AnimGraphRuntime (18)
[2019.11.15-14.07.24:029][826]LogModuleManager: Shutting down and abandoning module Renderer (16)
[2019.11.15-14.07.24:029][826]LogModuleManager: Shutting down and abandoning module Engine (14)
[2019.11.15-14.07.24:029][826]LogModuleManager: Shutting down and abandoning module CoreUObject (12)
[2019.11.15-14.07.24:029][826]LogModuleManager: Shutting down and abandoning module NetworkFile (10)
[2019.11.15-14.07.24:029][826]LogModuleManager: Shutting down and abandoning module CookedIterativeFile (8)
[2019.11.15-14.07.24:029][826]LogModuleManager: Shutting down and abandoning module StreamingFile (6)
[2019.11.15-14.07.24:029][826]LogModuleManager: Shutting down and abandoning module SandboxFile (4)
[2019.11.15-14.07.24:029][826]LogModuleManager: Shutting down and abandoning module PakFile (2)
[2019.11.15-14.07.24:036][826]LogExit: Exiting.
[2019.11.15-14.07.24:047][826]Log file closed, 11/15/19 15:07:24
